[2015.12.14-18.30.12:755][  0]Log file open, 12/14/15 18:30:12
[2015.12.14-18.30.12:755][  0]LogInit:Display: Running engine for game: Opulentium
[2015.12.14-18.30.12:755][  0]LogPlatformFile: Not using cached read wrapper
[2015.12.14-18.30.12:755][  0]LogInit:Display: RandInit(1891484697) SRandInit(1891484698).
[2015.12.14-18.30.12:755][  0]LogTaskGraph: Started task graph with 4 named threads and 7 total threads.
[2015.12.14-18.30.12:755][  0]LogStats: Stats thread started at 0.076568
[2015.12.14-18.30.12:755][  0]LogInit: Version: 4.10.1-2791327+++depot+UE4-Releases+4.10
[2015.12.14-18.30.12:755][  0]LogInit: API Version: 2758231
[2015.12.14-18.30.12:755][  0]LogInit: Compiled (64-bit): Dec  4 2015 19:44:40
[2015.12.14-18.30.12:755][  0]LogInit: Compiled with Visual C++: 19.00.23026.00
[2015.12.14-18.30.12:755][  0]LogInit: Build Configuration: Development
[2015.12.14-18.30.12:755][  0]LogInit: Branch Name: ++depot+UE4-Releases+4.10
[2015.12.14-18.30.12:755][  0]LogInit: Command line:  
[2015.12.14-18.30.12:755][  0]LogInit: Base directory: C:/Program Files/Epic Games/4.10/Engine/Binaries/Win64/
[2015.12.14-18.30.12:755][  0]LogInit: Rocket: 1
[2015.12.14-18.30.12:777][  0]LogInit: Using libcurl 7.41.0
[2015.12.14-18.30.12:777][  0]LogInit:  - built for x86_64-pc-win32
[2015.12.14-18.30.12:777][  0]LogInit:  - supports SSL with WinSSL
[2015.12.14-18.30.12:777][  0]LogInit:  - other features:
[2015.12.14-18.30.12:777][  0]LogInit:      CURL_VERSION_SSL
[2015.12.14-18.30.12:778][  0]LogInit:      CURL_VERSION_IPV6
[2015.12.14-18.30.12:778][  0]LogInit:      CURL_VERSION_ASYNCHDNS
[2015.12.14-18.30.12:778][  0]LogInit:      CURL_VERSION_LARGEFILE
[2015.12.14-18.30.12:778][  0]LogInit:      CURL_VERSION_IDN
[2015.12.14-18.30.12:778][  0]LogInit:  CurlRequestOptions (configurable via config and command line):
[2015.12.14-18.30.12:778][  0]LogInit:  - bVerifyPeer = true  - Libcurl will verify peer certificate
[2015.12.14-18.30.12:778][  0]LogInit:  - bUseHttpProxy = false  - Libcurl will NOT use HTTP proxy
[2015.12.14-18.30.12:778][  0]LogInit:  - bDontReuseConnections = false  - Libcurl will reuse connections
[2015.12.14-18.30.12:778][  0]LogInit:  - CertBundlePath = nullptr  - Libcurl will use whatever was configured at build time.
[2015.12.14-18.30.12:796][  0]LogInit: WinSock: version 1.1 (2.2), MaxSocks=32767, MaxUdp=65467
[2015.12.14-18.30.12:802][  0]LogVoice:Warning: Failed to initialize voice interface
[2015.12.14-18.30.12:805][  0]LogInit: Presizing for 0 objects not considered by GC, pre-allocating 0 bytes.
[2015.12.14-18.30.12:813][  0]LogInit: Object subsystem initialized
[2015.12.14-18.30.12:814][  0]LogInit: Selected Device Profile: [Windows]
[2015.12.14-18.30.12:814][  0]LogInit: Applying CVar settings loaded from the selected device profile: [Windows]
[2015.12.14-18.30.12:824][  0]LogInit: Computer: MORAX-PC
[2015.12.14-18.30.12:824][  0]LogInit: User: Morax
[2015.12.14-18.30.12:824][  0]LogInit: CPU Page size=4096, Cores=4
[2015.12.14-18.30.12:824][  0]LogInit: High frequency timer resolution =2.241054 MHz
[2015.12.14-18.30.12:824][  0]LogMemory: Memory total: Physical=7.9GB (8GB approx)
[2015.12.14-18.30.12:824][  0]LogMemory: Platform Memory Stats for Windows
[2015.12.14-18.30.12:824][  0]LogMemory: Process Physical Memory: 60.78 MB used, 60.78 MB peak
[2015.12.14-18.30.12:824][  0]LogMemory: Process Virtual Memory: 63.02 MB used, 63.02 MB peak
[2015.12.14-18.30.12:824][  0]LogMemory: Physical Memory: 5294.45 MB used, 8077.86 MB total
[2015.12.14-18.30.12:824][  0]LogMemory: Virtual Memory: 365.16 MB used, 8388608.00 MB total
[2015.12.14-18.30.12:864][  0]LogTextLocalizationManager: No specific translations for ('en-GB') exist, so ('en') translations will be used.
[2015.12.14-18.30.13:313][  0]LogD3D11RHI: Found D3D11 adapter 0: NVIDIA GeForce GT 630M            (Feature Level 11_0)
[2015.12.14-18.30.13:313][  0]LogD3D11RHI: Adapter has 2000MB of dedicated video memory, 0MB of dedicated system memory, and 2047MB of shared system memory, 1 output[s]
[2015.12.14-18.30.13:331][  0]LogD3D11RHI: Found D3D11 adapter 1: NVIDIA GeForce GT 630M            (Feature Level 11_0)
[2015.12.14-18.30.13:331][  0]LogD3D11RHI: Adapter has 2000MB of dedicated video memory, 0MB of dedicated system memory, and 2047MB of shared system memory, 0 output[s]
[2015.12.14-18.30.13:331][  0]LogD3D11RHI: Chosen D3D11 Adapter Id = 0
[2015.12.14-18.30.13:337][  0]LogD3D11RHI: !Direct3DDevice
[2015.12.14-18.30.13:337][  0]LogRHI: Texture pool is 1361 MB (70% of 1945 MB)
[2015.12.14-18.30.13:354][  0]LogD3D11RHI: Async texture creation enabled
[2015.12.14-18.30.13:369][  0]LogShaderCompilers: Guid format shader working directory is -30 characters bigger than the processId version (../../../../../../Users/Morax/Documents/Unreal Projects/OpulentiumGame 4.10Z/Intermediate/Shaders/WorkingDirectory/5520/).
[2015.12.14-18.30.13:369][  0]LogShaderCompilers: Cleaned the shader compiler working directory 'C:/Users/Morax/AppData/Local/Temp/UnrealShaderWorkingDir/3EA8809B46CC07B8D1B179A07C9FD9E6/'.
[2015.12.14-18.30.13:369][  0]LogShaderCompilers:Display: Using Local Shader Compiler.
[2015.12.14-18.30.14:236][  0]LogTemp:Display: Loaded TP AllDesktopTargetPlatform
[2015.12.14-18.30.14:241][  0]LogTemp:Display: Loaded TP WindowsClientTargetPlatform
[2015.12.14-18.30.14:246][  0]LogTemp:Display: Loaded TP WindowsNoEditorTargetPlatform
[2015.12.14-18.30.14:251][  0]LogTemp:Display: Loaded TP WindowsServerTargetPlatform
[2015.12.14-18.30.14:256][  0]LogTemp:Display: Loaded TP WindowsTargetPlatform
[2015.12.14-18.30.14:259][  0]LogTemp:Display: Loaded TP AndroidTargetPlatform
[2015.12.14-18.30.14:262][  0]LogTemp:Display: Loaded TP Android_ASTCTargetPlatform
[2015.12.14-18.30.14:265][  0]LogTemp:Display: Loaded TP Android_ATCTargetPlatform
[2015.12.14-18.30.14:268][  0]LogTemp:Display: Loaded TP Android_DXTTargetPlatform
[2015.12.14-18.30.14:272][  0]LogTemp:Display: Loaded TP Android_ETC1TargetPlatform
[2015.12.14-18.30.14:275][  0]LogTemp:Display: Loaded TP Android_ETC2TargetPlatform
[2015.12.14-18.30.14:281][  0]LogTemp:Display: Loaded TP Android_MultiTargetPlatform
[2015.12.14-18.30.14:281][  0]LogTemp:Display: Loaded TP Android_PVRTCTargetPlatform
[2015.12.14-18.30.14:282][  0]LogTemp:Display: Loaded TP HTML5TargetPlatform
[2015.12.14-18.30.14:298][  0]LogTemp:Display: Loaded TP IOSTargetPlatform
[2015.12.14-18.30.14:301][  0]LogTemp:Display: Loaded TP LinuxNoEditorTargetPlatform
[2015.12.14-18.30.14:303][  0]LogTemp:Display: Loaded TP LinuxServerTargetPlatform
[2015.12.14-18.30.14:306][  0]LogTemp:Display: Loaded TP LinuxTargetPlatform
[2015.12.14-18.30.14:306][  0]LogTargetPlatformManager:Display: Building Assets For Windows
[2015.12.14-18.30.14:383][  0]LogDerivedDataCache:Display: Max Cache Size: 512 MB
[2015.12.14-18.30.14:423][  0]LogDerivedDataCache: Loaded boot cache 0.04s 41MB C:/Users/Morax/AppData/Local/UnrealEngine/4.10/DerivedDataCache/Boot.ddc.
[2015.12.14-18.30.14:423][  0]LogDerivedDataCache:Display: Loaded Boot cache: C:/Users/Morax/AppData/Local/UnrealEngine/4.10/DerivedDataCache/Boot.ddc
[2015.12.14-18.30.14:424][  0]LogDerivedDataCache: FDerivedDataBackendGraph:  Pak pak cache file ../../../../../../Users/Morax/Documents/Unreal Projects/OpulentiumGame 4.10Z/DerivedDataCache/DDC.ddp not found, will not use a pak cache.
[2015.12.14-18.30.14:424][  0]LogDerivedDataCache: Unable to find inner node Pak for hierarchical cache Hierarchy.
[2015.12.14-18.30.14:424][  0]LogDerivedDataCache: FDerivedDataBackendGraph:  CompressedPak pak cache file ../../../../../../Users/Morax/Documents/Unreal Projects/OpulentiumGame 4.10Z/DerivedDataCache/Compressed.ddp not found, will not use a pak cache.
[2015.12.14-18.30.14:424][  0]LogDerivedDataCache: Unable to find inner node CompressedPak for hierarchical cache Hierarchy.
[2015.12.14-18.30.14:483][  0]LogDerivedDataCache:Display: Pak cache opened for reading ../../../Engine/DerivedDataCache/Compressed.ddp.
[2015.12.14-18.30.14:495][  0]LogDerivedDataCache: Using Local data cache path C:/Users/Morax/AppData/Local/UnrealEngine/Common/DerivedDataCache: Writable
[2015.12.14-18.30.14:671][  0]LogInit: Selected Device Profile: [Windows]
[2015.12.14-18.30.14:671][  0]LogContentStreaming: Texture pool size is 0.000000MB
[2015.12.14-18.30.14:707][  0]LogMeshUtilities: No automatic mesh reduction module available
[2015.12.14-18.30.14:707][  0]LogMeshUtilities: No automatic mesh merging module available
[2015.12.14-18.30.15:737][  0]UdpMessaging: Initializing bridge on interface 0.0.0.0:0 to multicast group 230.0.0.1:6666.
[2015.12.14-18.30.15:880][  0]LogAssetRegistry: FAssetRegistry took 0.0107 seconds to start up
[2015.12.14-18.30.16:075][  0]SourceControl: Info Source control is disabled
[2015.12.14-18.30.16:076][  0]SourceControl: Info Source control is disabled
[2015.12.14-18.30.16:087][  0]SourceControl: Info Source control is disabled
[2015.12.14-18.30.16:098][  0]SourceControl: Info Source control is disabled
[2015.12.14-18.30.16:321][  0]LogObj: 28670 objects as part of root set at end of initial load.
[2015.12.14-18.30.16:321][  0]LogUObjectAllocator: 6139232 out of 0 bytes used by permanent object pool.
[2015.12.14-18.30.16:382][  0]LogEngine: Initializing Engine...
[2015.12.14-18.30.16:384][  0]LogHMD: Can't find Oculus library dev build: is proper Runtime installed? Version: 0.8.0.0
[2015.12.14-18.30.16:385][  0]LogHMD: SteamVR failed to initialize.  Err: 110
[2015.12.14-18.30.16:516][  0]LogAIModule: Creating AISystem for world NewWorld
[2015.12.14-18.30.16:524][  0]LogInit: XAudio2 using 'Speakers (Realtek High Definition Audio)' : 2 channels at 48 kHz using 32 bits per sample (channel mask 0x3)
[2015.12.14-18.30.16:533][  0]LogInit: FAudioDevice initialized.
[2015.12.14-18.30.16:556][  0]LogDerivedDataCache: Saved boot cache 0.02s 41MB C:/Users/Morax/AppData/Local/UnrealEngine/4.10/DerivedDataCache/Boot.ddc.
[2015.12.14-18.30.16:560][  0]LogInit: Texture streaming: Enabled
[2015.12.14-18.30.16:566][  0]LogAnalytics: Creating configured Analytics provider AnalyticsET
[2015.12.14-18.30.16:566][  0]LogAnalytics: [UEEditor.Rocket.Release] APIServer = http://et2.epicgames.com/ET2/. AppVersion = 4.10.1-2791327+++depot+UE4-Releases+4.10
[2015.12.14-18.30.16:566][  0]LogAnalytics: [UEEditor.Rocket.Release] SetUserId 1f916c464b41818c79263184b8a317fa|92d59e447d7f48e990c00cb250ceef28|50a588ae-cf5d-4a4b-b988-d8f9b21af960
[2015.12.14-18.30.16:566][  0]LogAnalytics: [UEEditor.Rocket.Release] AnalyticsET::StartSession
[2015.12.14-18.30.16:589][  0]LogInit: Transaction tracking system initialized
[2015.12.14-18.30.16:620][  0]BlueprintLog: New page: Editor Load
[2015.12.14-18.30.16:707][  0]LocalizationService: Info Localization service is disabled
[2015.12.14-18.30.16:807][  0]LogConsoleResponse:Display: 
[2015.12.14-18.30.16:927][  0]LogCook:Display: Done creating registry. It took  0.00s.
[2015.12.14-18.30.16:985][  0]LogFileCache: Scanning file cache for directory 'C:/Users/Morax/Documents/Unreal Projects/OpulentiumGame 4.10Z/Content/' took 0.03s
[2015.12.14-18.30.16:985][  0]SourceControl: Info Source control is disabled
[2015.12.14-18.30.16:985][  0]Cmd: MAP LOAD FILE="../../../../../../Users/Morax/Documents/Unreal Projects/OpulentiumGame 4.10Z/Content/Maps/OpTest.umap" TEMPLATE=0 SHOWPROGRESS=1 FEATURELEVEL=3
[2015.12.14-18.30.16:986][  0]LightingResults: New page: Lighting Build
[2015.12.14-18.30.16:989][  0]MapCheck: New page: Map Check
[2015.12.14-18.30.16:989][  0]LightingResults: New page: Lighting Build
[2015.12.14-18.30.17:001][  0]LogParticles: Destroying 0 GPU particle simulations for FXSystem 0x000000002743E160
[2015.12.14-18.30.17:016][  0]LogLinker:Warning: Asset '../../../../../../Users/Morax/Documents/Unreal Projects/OpulentiumGame 4.10Z/Content/Blueprints/BP_WorldInfo.uasset' has been saved with empty engine version. The asset will be loaded but may be incompatible.
[2015.12.14-18.30.17:252][  0]LogLinker:Warning: Asset '../../../../../../Users/Morax/Documents/Unreal Projects/OpulentiumGame 4.10Z/Content/Blueprints/BP_HUBController.uasset' has been saved with empty engine version. The asset will be loaded but may be incompatible.
[2015.12.14-18.30.17:254][  0]LogLinker:Warning: Asset '../../../../../../Users/Morax/Documents/Unreal Projects/OpulentiumGame 4.10Z/Content/Blueprints/Structs/PlayerIDInfo.uasset' has been saved with empty engine version. The asset will be loaded but may be incompatible.
[2015.12.14-18.30.17:286][  0]LogLinker:Warning: Asset '../../../../../../Users/Morax/Documents/Unreal Projects/OpulentiumGame 4.10Z/Content/Blueprints/Widget/BP_LoadScreen.uasset' has been saved with empty engine version. The asset will be loaded but may be incompatible.
[2015.12.14-18.30.17:358][  0]LogLinker:Warning: Asset '../../../../../../Users/Morax/Documents/Unreal Projects/OpulentiumGame 4.10Z/Content/Blueprints/Widget/BP_LobbyController.uasset' has been saved with empty engine version. The asset will be loaded but may be incompatible.
[2015.12.14-18.30.17:365][  0]LogLinker:Warning: Asset '../../../../../../Users/Morax/Documents/Unreal Projects/OpulentiumGame 4.10Z/Content/Blueprints/Widget/BP_Lobby.uasset' has been saved with empty engine version. The asset will be loaded but may be incompatible.
[2015.12.14-18.30.17:376][  0]LogLinker:Warning: Asset '../../../../../../Users/Morax/Documents/Unreal Projects/OpulentiumGame 4.10Z/Content/Blueprints/Widget/BP_LobbyState.uasset' has been saved with empty engine version. The asset will be loaded but may be incompatible.
[2015.12.14-18.30.17:445][  0]LogLinker:Warning: Asset '../../../../../../Users/Morax/Documents/Unreal Projects/OpulentiumGame 4.10Z/Content/Blueprints/Widget/BP_LobbyPlayer.uasset' has been saved with empty engine version. The asset will be loaded but may be incompatible.
[2015.12.14-18.30.17:567][  0]LogLinker:Warning: Asset '../../../../../../Users/Morax/Documents/Unreal Projects/OpulentiumGame 4.10Z/Content/Environment/Materials/Widget/MapOverview/Map_Duel.uasset' has been saved with empty engine version. The asset will be loaded but may be incompatible.
[2015.12.14-18.30.17:567][  0]LogLinker:Warning: Asset '../../../../../../Users/Morax/Documents/Unreal Projects/OpulentiumGame 4.10Z/Content/Environment/Materials/Widget/MapOverview/Map_LOS.uasset' has been saved with empty engine version. The asset will be loaded but may be incompatible.
[2015.12.14-18.30.18:290][  0]LogLinker:Warning: Asset '../../../../../../Users/Morax/Documents/Unreal Projects/OpulentiumGame 4.10Z/Content/Blueprints/BP_Placement.uasset' has been saved with empty engine version. The asset will be loaded but may be incompatible.
[2015.12.14-18.30.18:300][  0]LogLinker:Warning: Asset '../../../../../../Users/Morax/Documents/Unreal Projects/OpulentiumGame 4.10Z/Content/Blueprints/BP_WeaponHit.uasset' has been saved with empty engine version. The asset will be loaded but may be incompatible.
[2015.12.14-18.30.18:303][  0]LogLinker:Warning: Asset '../../../../../../Users/Morax/Documents/Unreal Projects/OpulentiumGame 4.10Z/Content/Blueprints/BP_CommandPlacement.uasset' has been saved with empty engine version. The asset will be loaded but may be incompatible.
[2015.12.14-18.30.18:411][  0]LogLinker:Warning: Asset '../../../../../../Users/Morax/Documents/Unreal Projects/OpulentiumGame 4.10Z/Content/Blueprints/Widget/BP_RespawnMenu.uasset' has been saved with empty engine version. The asset will be loaded but may be incompatible.
[2015.12.14-18.30.18:417][  0]LogLinker:Warning: Asset '../../../../../../Users/Morax/Documents/Unreal Projects/OpulentiumGame 4.10Z/Content/Blueprints/Widget/BP_HomeButton.uasset' has been saved with empty engine version. The asset will be loaded but may be incompatible.
[2015.12.14-18.30.19:469][  0]LogLinker:Warning: Asset '../../../../../../Users/Morax/Documents/Unreal Projects/OpulentiumGame 4.10Z/Content/Environment/Materials/Glow/DefaultTextMaterialGlow.uasset' has been saved with empty engine version. The asset will be loaded but may be incompatible.
[2015.12.14-18.30.19:572][  0]LogLinker:Warning: Asset '../../../../../../Users/Morax/Documents/Unreal Projects/OpulentiumGame 4.10Z/Content/Blueprints/BP_ShieldBarrier.uasset' has been saved with empty engine version. The asset will be loaded but may be incompatible.
[2015.12.14-18.30.19:622][  0]LogLinker:Warning: Asset '../../../../../../Users/Morax/Documents/Unreal Projects/OpulentiumGame 4.10Z/Content/Blueprints/BP_ShieldGenerator.uasset' has been saved with empty engine version. The asset will be loaded but may be incompatible.
[2015.12.14-18.30.19:718][  0]LogLinker:Warning: Asset '../../../../../../Users/Morax/Documents/Unreal Projects/OpulentiumGame 4.10Z/Content/Blueprints/BP_SnapPlacement.uasset' has been saved with empty engine version. The asset will be loaded but may be incompatible.
[2015.12.14-18.30.20:401][  0]LogLinker:Warning: Asset '../../../../../../Users/Morax/Documents/Unreal Projects/OpulentiumGame 4.10Z/Content/Environment/HUD/VCapIcon.uasset' has been saved with empty engine version. The asset will be loaded but may be incompatible.
[2015.12.14-18.30.21:078][  0]LogBlueprint:Warning: [compiler BP_Vehicle] Warning 'BP Player Primary' does not inherit from 'BP Combat Actor' ( Cast To BP_PlayerPrimary  would always fail).
[2015.12.14-18.30.21:078][  0]LogBlueprint:Warning: [compiler BP_Vehicle] Warning Can't connect pins  Pilot  and  Primary : BP Combat Actor Reference is not compatible with BP Player Primary Reference.
[2015.12.14-18.30.21:078][  0]LogBlueprint:Warning: [compiler BP_Vehicle] Warning Can't connect pins  Primary  and  Pilot : BP Player Primary Reference is not compatible with BP Combat Actor Reference.
[2015.12.14-18.30.21:090][  0]LogBlueprint:Warning: [compiler BP_Vehicle] Warning [0009.39] Compile of BP_Vehicle successful, but with 3 Warning(s) [in 39 ms]
[2015.12.14-18.30.21:091][  0]LogBlueprint:Warning: [compiler BP_Vehicle] Warning [0009.39] Compile of BP_Vehicle successful, but with 4 Warning(s) [in 0 ms]
[2015.12.14-18.30.21:091][  0]LogBlueprint:Warning: [compiler BP_Vehicle] Warning [0009.39] Compile of BP_Vehicle successful, but with 5 Warning(s) [in 0 ms]
[2015.12.14-18.30.21:202][  0]LogBlueprint:Warning: ExposeOnSpawn ambiguity. Property 'ObjectProperty /Engine/Transient.REINST_BP_OpulentiumActor_C_96:PrimaryOwner', MetaData 'False', Flag 'True'
[2015.12.14-18.30.21:202][  0]LogBlueprint:Warning: ExposeOnSpawn ambiguity. Property 'IntProperty /Engine/Transient.REINST_BP_OpulentiumActor_C_96:Team', MetaData 'False', Flag 'True'
[2015.12.14-18.30.21:215][  0]LogBlueprint:Error: [compiler BP_StructureBuild] Error COMPILER ERROR: failed building connection with 'BP Player Primary Reference is not compatible with BP Opulentium Actor Reference.' at  Get 
[2015.12.14-18.30.21:215][  0]LogBlueprint:Error: [compiler BP_StructureBuild] Error COMPILER ERROR: failed building connection with 'BP Structure Reference is not compatible with BP Opulentium Actor Reference.' at  SpawnActor 
[2015.12.14-18.30.21:237][  0]LogBlueprint:Error: [compiler BP_StructureBuild] Error Variable node  Get Team  uses an invalid target.  It may depend on a node that is not connected to the execution chain, and got purged.
[2015.12.14-18.30.21:238][  0]LogBlueprint:Error: [compiler BP_StructureBuild] Error Variable node  Get HealthMax  uses an invalid target.  It may depend on a node that is not connected to the execution chain, and got purged.
[2015.12.14-18.30.21:238][  0]LogBlueprint:Error: [compiler BP_StructureBuild] Error Variable node  Set with Notify Health  uses an invalid target.  It may depend on a node that is not connected to the execution chain, and got purged.
[2015.12.14-18.30.21:259][  0]LogBlueprint:Warning: [compiler BP_StructureBuild] Warning [0009.56] Compile of BP_StructureBuild failed. 5 Fatal Issue(s) 0 Warning(s) [in 52 ms]
[2015.12.14-18.30.21:260][  0]LogBlueprint:Warning: [compiler BP_StructureBuild] Warning [0009.56] Compile of BP_StructureBuild failed. 5 Fatal Issue(s) 1 Warning(s) [in 0 ms]
[2015.12.14-18.30.21:260][  0]LogBlueprint:Warning: [compiler BP_StructureBuild] Warning [0009.56] Compile of BP_StructureBuild failed. 5 Fatal Issue(s) 2 Warning(s) [in 0 ms]
[2015.12.14-18.30.21:314][  0]LogBlueprint:Warning: [compiler BP_Structure] Warning 'BP Conduit' does not inherit from 'BP Structure' ( Cast To BP_Conduit  would always fail).
[2015.12.14-18.30.21:318][  0]LogBlueprint:Warning: [compiler BP_Structure] Warning [0009.62] Compile of BP_Structure successful, but with 1 Warning(s) [in 7 ms]
[2015.12.14-18.30.21:318][  0]LogBlueprint:Warning: [compiler BP_Structure] Warning [0009.62] Compile of BP_Structure successful, but with 2 Warning(s) [in 0 ms]
[2015.12.14-18.30.21:319][  0]LogBlueprint:Warning: [compiler BP_Structure] Warning [0009.62] Compile of BP_Structure successful, but with 3 Warning(s) [in 0 ms]
[2015.12.14-18.30.21:458][  0]LogBlueprint:Error: [compiler BP_OpulentiumHUD] Error COMPILER ERROR: failed building connection with 'BP Player Primary Reference is not compatible with BP Combat Actor Reference.' at  Get 
[2015.12.14-18.30.21:461][  0]LogBlueprint:Warning: [compiler BP_OpulentiumHUD] Warning Can't connect pins  Primary Owner  and  Target : BP Player Primary Reference is not compatible with BP Opulentium Actor Reference.
[2015.12.14-18.30.21:461][  0]LogBlueprint:Warning: [compiler BP_OpulentiumHUD] Warning Can't connect pins  Target  and  Primary Owner : BP Opulentium Actor Reference is not compatible with BP Player Primary Reference.
[2015.12.14-18.30.21:462][  0]LogBlueprint:Warning: [compiler BP_OpulentiumHUD] Warning 'BP Builder' does not inherit from 'BP Opulentium Actor' ( GetProgress  would always fail).
[2015.12.14-18.30.21:462][  0]LogBlueprint:Warning: [compiler BP_OpulentiumHUD] Warning 'BP Conduit' does not inherit from 'BP Opulentium Actor' ( GetShieldShape  would always fail).
[2015.12.14-18.30.21:467][  0]LogBlueprint:Warning: [compiler BP_OpulentiumHUD] Warning Can't connect pins  Target  and  Primary Owner : BP Opulentium Actor Reference is not compatible with BP Player Primary Reference.
[2015.12.14-18.30.21:467][  0]LogBlueprint:Warning: [compiler BP_OpulentiumHUD] Warning Can't connect pins  Primary Owner  and  Target : BP Player Primary Reference is not compatible with BP Opulentium Actor Reference.
[2015.12.14-18.30.21:477][  0]LogBlueprint:Error: [compiler BP_OpulentiumHUD] Error This blueprint (self) is not a BP_CombatActor_C, therefore ' Target ' must have a connection.
[2015.12.14-18.30.21:478][  0]LogBlueprint:Error: [compiler BP_OpulentiumHUD] Error Variable node  Get DetectionRadius  uses an invalid target.  It may depend on a node that is not connected to the execution chain, and got purged.
[2015.12.14-18.30.21:504][  0]LogBlueprint:Warning: [compiler BP_OpulentiumHUD] Warning [0009.81] Compile of BP_OpulentiumHUD failed. 3 Fatal Issue(s) 6 Warning(s) [in 64 ms]
[2015.12.14-18.30.21:504][  0]LogBlueprint:Warning: [compiler BP_OpulentiumHUD] Warning [0009.81] Compile of BP_OpulentiumHUD failed. 3 Fatal Issue(s) 7 Warning(s) [in 0 ms]
[2015.12.14-18.30.21:504][  0]LogBlueprint:Warning: [compiler BP_OpulentiumHUD] Warning [0009.81] Compile of BP_OpulentiumHUD failed. 3 Fatal Issue(s) 8 Warning(s) [in 0 ms]
[2015.12.14-18.30.21:565][  0]LogBlueprint:Warning: [compiler BP_Weapon] Warning 'BP Player Primary' does not inherit from 'BP Combat Actor' ( GetRotation  would always fail).
[2015.12.14-18.30.21:569][  0]LogBlueprint:Warning: [compiler BP_Weapon] Warning [0009.87] Compile of BP_Weapon successful, but with 1 Warning(s) [in 14 ms]
[2015.12.14-18.30.21:572][  0]LogBlueprint:Warning: [compiler BP_Weapon] Warning [0009.87] Compile of BP_Weapon successful, but with 2 Warning(s) [in 2 ms]
[2015.12.14-18.30.21:572][  0]LogBlueprint:Warning: [compiler BP_Weapon] Warning [0009.87] Compile of BP_Weapon successful, but with 3 Warning(s) [in 0 ms]
[2015.12.14-18.30.21:728][  0]LogBlueprint:Warning: [compiler BP_MoveTo] Warning Can't connect pins  Target  and  Item : BP Opulentium Actor Reference is not compatible with BP Mech Reference.
[2015.12.14-18.30.21:731][  0]LogBlueprint:Warning: [compiler BP_MoveTo] Warning Can't connect pins  Item  and  Target : BP Mech Reference is not compatible with BP Opulentium Actor Reference.
[2015.12.14-18.30.21:746][  0]LogBlueprint:Warning: [compiler BP_MoveTo] Warning [0010.05] Compile of BP_MoveTo successful, but with 2 Warning(s) [in 38 ms]
[2015.12.14-18.30.21:747][  0]LogBlueprint:Warning: [compiler BP_MoveTo] Warning [0010.05] Compile of BP_MoveTo successful, but with 3 Warning(s) [in 0 ms]
[2015.12.14-18.30.21:747][  0]LogBlueprint:Warning: [compiler BP_MoveTo] Warning [0010.05] Compile of BP_MoveTo successful, but with 4 Warning(s) [in 0 ms]
[2015.12.14-18.30.21:802][  0]LogBlueprint:Warning: [compiler BP_StructurePlacement] Warning Can't connect pins  Target  and  Item : BP Opulentium Actor Reference is not compatible with BP Command Centre Reference.
[2015.12.14-18.30.21:803][  0]LogBlueprint:Warning: [compiler BP_StructurePlacement] Warning Can't connect pins  Item  and  Target : BP Command Centre Reference is not compatible with BP Opulentium Actor Reference.
[2015.12.14-18.30.21:809][  0]LogBlueprint:Warning: [compiler BP_StructurePlacement] Warning [0010.11] Compile of BP_StructurePlacement successful, but with 2 Warning(s) [in 31 ms]
[2015.12.14-18.30.21:810][  0]LogBlueprint:Warning: [compiler BP_StructurePlacement] Warning [0010.11] Compile of BP_StructurePlacement successful, but with 3 Warning(s) [in 0 ms]
[2015.12.14-18.30.21:810][  0]LogBlueprint:Warning: [compiler BP_StructurePlacement] Warning [0010.11] Compile of BP_StructurePlacement successful, but with 4 Warning(s) [in 0 ms]
[2015.12.14-18.30.21:888][  0]LogBlueprint:Warning: [compiler BP_UpgradeNode] Warning 'BP Conduit' does not inherit from 'BP Structure' ( Cast To BP_Conduit  would always fail).
[2015.12.14-18.30.21:890][  0]LogBlueprint:Warning: [compiler BP_UpgradeNode] Warning 'BP Conduit' does not inherit from 'BP Structure' ( Cast To BP_Conduit  would always fail).
[2015.12.14-18.30.21:897][  0]LogBlueprint:Warning: [compiler BP_UpgradeNode] Warning [0010.20] Compile of BP_UpgradeNode successful, but with 2 Warning(s) [in 42 ms]
[2015.12.14-18.30.21:897][  0]LogBlueprint:Warning: [compiler BP_UpgradeNode] Warning [0010.20] Compile of BP_UpgradeNode successful, but with 3 Warning(s) [in 0 ms]
[2015.12.14-18.30.21:897][  0]LogBlueprint:Warning: [compiler BP_UpgradeNode] Warning [0010.20] Compile of BP_UpgradeNode successful, but with 4 Warning(s) [in 0 ms]
[2015.12.14-18.30.21:995][  0]LogBlueprint:Warning: [compiler BP_UpgradeBuild] Warning 'BP Conduit' does not inherit from 'BP Structure' ( Cast To BP_Conduit  would always fail).
[2015.12.14-18.30.22:006][  0]LogBlueprint:Warning: [compiler BP_UpgradeBuild] Warning [0010.31] Compile of BP_UpgradeBuild successful, but with 1 Warning(s) [in 30 ms]
[2015.12.14-18.30.22:008][  0]LogBlueprint:Warning: [compiler BP_UpgradeBuild] Warning [0010.31] Compile of BP_UpgradeBuild successful, but with 2 Warning(s) [in 1 ms]
[2015.12.14-18.30.22:008][  0]LogBlueprint:Warning: [compiler BP_UpgradeBuild] Warning [0010.31] Compile of BP_UpgradeBuild successful, but with 3 Warning(s) [in 0 ms]
[2015.12.14-18.30.22:133][  0]LogBlueprint:Warning: [compiler BP_CommandCentre] Warning Can't connect pins  Target  and  Item : BP Opulentium Actor Reference is not compatible with BP Player Primary Reference.
[2015.12.14-18.30.22:135][  0]LogBlueprint:Warning: [compiler BP_CommandCentre] Warning Can't connect pins  Item  and  Target : BP Player Primary Reference is not compatible with BP Opulentium Actor Reference.
[2015.12.14-18.30.22:147][  0]LogBlueprint:Warning: [compiler BP_CommandCentre] Warning [0010.45] Compile of BP_CommandCentre successful, but with 2 Warning(s) [in 36 ms]
[2015.12.14-18.30.22:149][  0]LogBlueprint:Warning: [compiler BP_CommandCentre] Warning [0010.45] Compile of BP_CommandCentre successful, but with 3 Warning(s) [in 1 ms]
[2015.12.14-18.30.22:149][  0]LogBlueprint:Warning: [compiler BP_CommandCentre] Warning [0010.45] Compile of BP_CommandCentre successful, but with 4 Warning(s) [in 0 ms]
[2015.12.14-18.30.22:227][  0]LogBlueprint:Error: [compiler BP_UnitBuild] Error COMPILER ERROR: failed building connection with 'BP Player Primary Reference is not compatible with BP Opulentium Actor Reference.' at  Get 
[2015.12.14-18.30.22:230][  0]LogBlueprint:Error: [compiler BP_UnitBuild] Error This blueprint (self) is not a BP_OpulentiumActor_C, therefore ' Target ' must have a connection.
[2015.12.14-18.30.22:231][  0]LogBlueprint:Error: [compiler BP_UnitBuild] Error Variable node  Get Team  uses an invalid target.  It may depend on a node that is not connected to the execution chain, and got purged.
[2015.12.14-18.30.22:244][  0]LogBlueprint:Warning: [compiler BP_UnitBuild] Warning [0010.55] Compile of BP_UnitBuild failed. 3 Fatal Issue(s) 0 Warning(s) [in 26 ms]
[2015.12.14-18.30.22:246][  0]LogBlueprint:Warning: [compiler BP_UnitBuild] Warning [0010.55] Compile of BP_UnitBuild failed. 3 Fatal Issue(s) 1 Warning(s) [in 1 ms]
[2015.12.14-18.30.22:246][  0]LogBlueprint:Warning: [compiler BP_UnitBuild] Warning [0010.55] Compile of BP_UnitBuild failed. 3 Fatal Issue(s) 2 Warning(s) [in 0 ms]
[2015.12.14-18.30.22:265][  0]LogBlueprint:Warning: [compiler BP_RallyPoint] Warning Can't connect pins  Target  and  Builder : BP Opulentium Actor Reference is not compatible with BP Builder Reference.
[2015.12.14-18.30.22:266][  0]LogBlueprint:Warning: [compiler BP_RallyPoint] Warning Can't connect pins  Builder  and  Target : BP Builder Reference is not compatible with BP Opulentium Actor Reference.
[2015.12.14-18.30.22:268][  0]LogBlueprint:Warning: [compiler BP_RallyPoint] Warning [0010.57] Compile of BP_RallyPoint successful, but with 2 Warning(s) [in 9 ms]
[2015.12.14-18.30.22:269][  0]LogBlueprint:Warning: [compiler BP_RallyPoint] Warning [0010.57] Compile of BP_RallyPoint successful, but with 3 Warning(s) [in 0 ms]
[2015.12.14-18.30.22:269][  0]LogBlueprint:Warning: [compiler BP_RallyPoint] Warning [0010.57] Compile of BP_RallyPoint successful, but with 4 Warning(s) [in 0 ms]
[2015.12.14-18.30.22:369][  0]LogLinker:Warning: CreateExport: Failed to load Parent for Function /Game/Factions/TerraFirma/MarsPrimary/Weapon/BP_MarsProj01.BP_MarsProj01_C:UserConstructionScript; removing parent information, but keeping function
[2015.12.14-18.30.22:820][  0]LogLinker:Warning: Asset '../../../../../../Users/Morax/Documents/Unreal Projects/OpulentiumGame 4.10Z/Content/Factions/TerraFirma/HUD/VBMenu.uasset' has been saved with empty engine version. The asset will be loaded but may be incompatible.
[2015.12.14-18.30.22:821][  0]LogLinker:Warning: Asset '../../../../../../Users/Morax/Documents/Unreal Projects/OpulentiumGame 4.10Z/Content/Factions/TerraFirma/PTV/Materials/PTVIcon.uasset' has been saved with empty engine version. The asset will be loaded but may be incompatible.
[2015.12.14-18.30.22:822][  0]LogLinker:Warning: Asset '../../../../../../Users/Morax/Documents/Unreal Projects/OpulentiumGame 4.10Z/Content/Factions/TerraFirma/PTV/Materials/PTVIcon_Down.uasset' has been saved with empty engine version. The asset will be loaded but may be incompatible.
[2015.12.14-18.30.22:822][  0]LogLinker:Warning: Asset '../../../../../../Users/Morax/Documents/Unreal Projects/OpulentiumGame 4.10Z/Content/Factions/TerraFirma/PTV/Materials/PTVIcon_Hover.uasset' has been saved with empty engine version. The asset will be loaded but may be incompatible.
[2015.12.14-18.30.22:823][  0]LogLinker:Warning: Asset '../../../../../../Users/Morax/Documents/Unreal Projects/OpulentiumGame 4.10Z/Content/Factions/TerraFirma/VehicleBeacon/Materials/VehicleBeaconIcon.uasset' has been saved with empty engine version. The asset will be loaded but may be incompatible.
[2015.12.14-18.30.23:855][  0]LogBlueprint:Warning: [compiler BP_PlayerPrimary] Warning Can't connect pins  Target  and  As BP Mech : BP Combat Actor Reference is not compatible with BP Mech Reference.
[2015.12.14-18.30.23:855][  0]LogBlueprint:Warning: [compiler BP_PlayerPrimary] Warning Can't connect pins  As BP Mech  and  Target : BP Mech Reference is not compatible with BP Combat Actor Reference.
[2015.12.14-18.30.23:856][  0]LogBlueprint:Warning: [compiler BP_PlayerPrimary] Warning 'BP Mech' does not inherit from 'BP Combat Actor' ( Cast To BP_Mech  would always fail).
[2015.12.14-18.30.23:856][  0]LogBlueprint:Warning: [compiler BP_PlayerPrimary] Warning 'BP Mech' does not inherit from 'BP Opulentium Actor' ( Cast To BP_Mech  would always fail).
[2015.12.14-18.30.23:871][  0]LogBlueprint:Warning: [compiler BP_PlayerPrimary] Warning 'BP Mech' does not inherit from 'BP Opulentium Actor' ( MechsSelected  would always fail).
[2015.12.14-18.30.23:871][  0]LogBlueprint:Warning: [compiler BP_PlayerPrimary] Warning 'BP Mech' does not inherit from 'BP Opulentium Actor' ( MechsSelected  would always fail).
[2015.12.14-18.30.23:871][  0]LogBlueprint:Warning: [compiler BP_PlayerPrimary] Warning 'BP Mech' does not inherit from 'BP Opulentium Actor' ( MechsSelected  would always fail).
[2015.12.14-18.30.23:872][  0]LogBlueprint:Warning: [compiler BP_PlayerPrimary] Warning 'BP Mech' does not inherit from 'BP Opulentium Actor' ( MechsSelected  would always fail).
[2015.12.14-18.30.23:901][  0]LogBlueprint:Warning: [compiler BP_PlayerPrimary] Warning Can't connect pins  As BP Mech  and  Target : BP Mech Reference is not compatible with BP Combat Actor Reference.
[2015.12.14-18.30.23:901][  0]LogBlueprint:Warning: [compiler BP_PlayerPrimary] Warning Can't connect pins  Target  and  As BP Mech : BP Combat Actor Reference is not compatible with BP Mech Reference.
[2015.12.14-18.30.23:905][  0]LogBlueprint:Warning: [compiler BP_PlayerPrimary] Warning Can't connect pins  As BP Mech  and  Item : BP Mech Reference is not compatible with BP Combat Actor Reference (by ref).
[2015.12.14-18.30.23:905][  0]LogBlueprint:Warning: [compiler BP_PlayerPrimary] Warning 'BP Mech' does not inherit from 'BP Opulentium Actor' ( Cast To BP_Mech  would always fail).
[2015.12.14-18.30.23:906][  0]LogBlueprint:Warning: [compiler BP_PlayerPrimary] Warning Can't connect pins  Item  and  As BP Mech : BP Combat Actor Reference (by ref) is not compatible with BP Mech Reference.
[2015.12.14-18.30.23:972][  0]LogBlueprint:Warning: [compiler BP_PlayerPrimary] Warning 'BP Mech' does not inherit from 'BP Opulentium Actor' ( MechsSelected  would always fail).
[2015.12.14-18.30.23:993][  0]LogBlueprint:Error: [compiler BP_PlayerPrimary] Error COMPILER ERROR: failed building connection with 'BP Combat Actor Reference is not compatible with BP Mech Reference.' at  Get 
[2015.12.14-18.30.23:993][  0]LogBlueprint:Warning: [compiler BP_PlayerPrimary] Warning Can't connect pins  As BP Mech  and  Target : BP Mech Reference is not compatible with BP Combat Actor Reference.
[2015.12.14-18.30.23:994][  0]LogBlueprint:Warning: [compiler BP_PlayerPrimary] Warning Can't connect pins  As BP Mech  and  Actor : BP Mech Reference is not compatible with BP Combat Actor Reference.
[2015.12.14-18.30.23:994][  0]LogBlueprint:Warning: [compiler BP_PlayerPrimary] Warning Can't connect pins  Actor  and  As BP Mech : BP Combat Actor Reference is not compatible with BP Mech Reference.
[2015.12.14-18.30.23:994][  0]LogBlueprint:Warning: [compiler BP_PlayerPrimary] Warning Can't connect pins  Target  and  As BP Mech : BP Combat Actor Reference is not compatible with BP Mech Reference.
[2015.12.14-18.30.24:104][  0]LogBlueprint:Error: [compiler BP_PlayerPrimary] Error Variable node  Get  uses an invalid target.  It may depend on a node that is not connected to the execution chain, and got purged.
[2015.12.14-18.30.24:352][  0]LogBlueprint:Warning: [compiler BP_PlayerPrimary] Warning [0012.65] Compile of BP_PlayerPrimary failed. 2 Fatal Issue(s) 18 Warning(s) [in 706 ms]
[2015.12.14-18.30.24:369][  0]LogBlueprint:Warning: [compiler BP_PlayerPrimary] Warning [0012.67] Compile of BP_PlayerPrimary failed. 2 Fatal Issue(s) 19 Warning(s) [in 15 ms]
[2015.12.14-18.30.24:369][  0]LogBlueprint:Warning: [compiler BP_PlayerPrimary] Warning [0012.67] Compile of BP_PlayerPrimary failed. 2 Fatal Issue(s) 20 Warning(s) [in 0 ms]
[2015.12.14-18.30.24:444][  0]LogLinker:Warning: Asset '../../../../../../Users/Morax/Documents/Unreal Projects/OpulentiumGame 4.10Z/Content/Blueprints/AI/BT_Mech.uasset' has been saved with empty engine version. The asset will be loaded but may be incompatible.
[2015.12.14-18.30.27:188][  0]LogLinker:Warning: Asset '../../../../../../Users/Morax/Documents/Unreal Projects/OpulentiumGame 4.10Z/Content/Factions/Security/Bot/BT_Security.uasset' has been saved with empty engine version. The asset will be loaded but may be incompatible.
[2015.12.14-18.30.27:195][  0]LogLinker:Warning: Asset '../../../../../../Users/Morax/Documents/Unreal Projects/OpulentiumGame 4.10Z/Content/Blueprints/BP_WaveBoss.uasset' has been saved with empty engine version. The asset will be loaded but may be incompatible.
[2015.12.14-18.30.27:197][  0]LogLinker:Warning: Asset '../../../../../../Users/Morax/Documents/Unreal Projects/OpulentiumGame 4.10Z/Content/Blueprints/BP_SpawnerParent.uasset' has been saved with empty engine version. The asset will be loaded but may be incompatible.
[2015.12.14-18.30.27:288][  0]LogBlueprint:Warning: [compiler Service_SetLookat] Warning The property is marked as BlueprintReadOnly or Private. It cannot be modifed in the blueprint.  Set DesiredRot 
[2015.12.14-18.30.27:289][  0]LogBlueprint:Warning: [compiler Service_SetLookat] Warning [0015.59] Compile of Service_SetLookat successful, but with 1 Warning(s) [in 2 ms]
[2015.12.14-18.30.27:289][  0]LogBlueprint:Warning: [compiler Service_SetLookat] Warning [0015.59] Compile of Service_SetLookat successful, but with 2 Warning(s) [in 0 ms]
[2015.12.14-18.30.27:289][  0]LogBlueprint:Warning: [compiler Service_SetLookat] Warning [0015.59] Compile of Service_SetLookat successful, but with 3 Warning(s) [in 0 ms]
[2015.12.14-18.30.27:399][  0]LogLinker:Warning: CreateExport: Failed to load Parent for Function /Game/Factions/Security/Squire/Meshes/BP_SquireWeapon.BP_SquireWeapon_C:UserConstructionScript; removing parent information, but keeping function
[2015.12.14-18.30.27:492][  0]LogBlueprint:Warning: [compiler Service_SetLookat] Warning The property is marked as BlueprintReadOnly or Private. It cannot be modifed in the blueprint.  Set DesiredRot 
[2015.12.14-18.30.27:492][  0]LogBlueprint:Warning: [compiler Service_SetLookat] Warning [0015.79] Compile of Service_SetLookat successful, but with 1 Warning(s) [in 3 ms]
[2015.12.14-18.30.27:493][  0]LogBlueprint:Warning: [compiler Service_SetLookat] Warning [0015.79] Compile of Service_SetLookat successful, but with 2 Warning(s) [in 0 ms]
[2015.12.14-18.30.27:493][  0]LogBlueprint:Warning: [compiler Service_SetLookat] Warning [0015.79] Compile of Service_SetLookat successful, but with 3 Warning(s) [in 0 ms]
[2015.12.14-18.30.27:540][  0]LogLinker:Warning: Asset '../../../../../../Users/Morax/Documents/Unreal Projects/OpulentiumGame 4.10Z/Content/Environment/Materials/Widget/MapOverview/MM_Duel_Inst.uasset' has been saved with empty engine version. The asset will be loaded but may be incompatible.
[2015.12.14-18.30.27:540][  0]LogLinker:Warning: Asset '../../../../../../Users/Morax/Documents/Unreal Projects/OpulentiumGame 4.10Z/Content/Environment/Materials/Widget/MapOverview/MM_Duel.uasset' has been saved with empty engine version. The asset will be loaded but may be incompatible.
[2015.12.14-18.30.27:541][  0]LogLinker:Warning: Asset '../../../../../../Users/Morax/Documents/Unreal Projects/OpulentiumGame 4.10Z/Content/Environment/Materials/Widget/MapOverview/MapClamp.uasset' has been saved with empty engine version. The asset will be loaded but may be incompatible.
[2015.12.14-18.30.27:541][  0]LogLinker:Warning: Asset '../../../../../../Users/Morax/Documents/Unreal Projects/OpulentiumGame 4.10Z/Content/Environment/Materials/Widget/MapOverview/MapMask.uasset' has been saved with empty engine version. The asset will be loaded but may be incompatible.
[2015.12.14-18.30.29:799][  0]LogLinker:Warning: Asset '../../../../../../Users/Morax/Documents/Unreal Projects/OpulentiumGame 4.10Z/Content/Environment/Sounds/Effects/GunFire01.uasset' has been saved with empty engine version. The asset will be loaded but may be incompatible.
[2015.12.14-18.30.29:995][  0]LogAIModule: Creating AISystem for world OpTest
[2015.12.14-18.30.30:004][  0]LogEditorServer: Finished looking for orphan Actors (0.000 secs)
[2015.12.14-18.30.30:005][  0]Cmd: MAP CHECKDEP NOCLEARLOG
[2015.12.14-18.30.30:129][  0]MapCheck: Info Map check complete: 0 Error(s), 0 Warning(s), took 124.458ms to complete.
[2015.12.14-18.30.30:129][  0]LogFileHelpers: Loading map 'OpTest' took 13.145
[2015.12.14-18.30.30:459][  0]LogCrashTracker: Crashtracker disabled due to settings.
[2015.12.14-18.30.30:474][  0]LogCollectionManager: Loaded 0 collections in 0.002351 seconds
[2015.12.14-18.30.30:515][  0]LogFileCache: Scanning file cache for directory 'C:/Users/Morax/Documents/Unreal Projects/OpulentiumGame 4.10Z/Saved/Collections/' took 0.01s
[2015.12.14-18.30.30:515][  0]LogFileCache: Scanning file cache for directory 'C:/Users/Morax/Documents/Unreal Projects/OpulentiumGame 4.10Z/Content/Developers/Morax/Collections/' took 0.01s
[2015.12.14-18.30.30:515][  0]LogFileCache: Scanning file cache for directory 'C:/Users/Morax/Documents/Unreal Projects/OpulentiumGame 4.10Z/Content/Collections/' took 0.01s
[2015.12.14-18.30.30:515][  0]LogCollectionManager: Rebuilt the GUID cache for 0 collections in 0.000002 seconds
[2015.12.14-18.30.30:526][  0]LogContentBrowser: Native class hierarchy populated in 0.0107 seconds. Added 1899 classes and 342 folders.
[2015.12.14-18.30.30:536][  0]LogContentBrowser: Native class hierarchy updated for 'WidgetCarousel' in 0.0017 seconds. Added 0 classes and 0 folders.
[2015.12.14-18.30.30:578][  0]LogContentBrowser: Native class hierarchy updated for 'AddContentDialog' in 0.0020 seconds. Added 0 classes and 0 folders.
[2015.12.14-18.30.30:585][  0]LogUObjectGlobals:Warning: Failed to find object 'Class None.'
[2015.12.14-18.30.30:606][  0]LogLoad: Full Startup: 18.91 seconds (BP compile: 4.88 seconds)
[2015.12.14-18.30.30:948][  0]LogOcInput: Can't find Oculus library dev build: is proper Runtime installed? Version: 0.8.0.0
[2015.12.14-18.30.31:025][  0]LogContentStreaming: Texture pool size now 1000 MB
[2015.12.14-18.30.31:213][  0]LogRenderer: Reallocating scene render targets to support 1204x940 (Frame:2).
[2015.12.14-18.30.31:273][  1]LogCollectionManager: Rebuilt the object cache for 0 collections in 0.000001 seconds (found 0 objects)
[2015.12.14-18.30.41:570][ 55]LogAssetRegistry: Asset discovery search completed in 25.7019 seconds
[2015.12.14-18.30.41:570][ 55]LogCollectionManager: Fixed up redirectors for 0 collections in 0.000006 seconds (updated 0 objects)
[2015.12.14-18.30.42:923][ 63]LogLinker:Warning: Asset '../../../Engine/Content/ArtTools/RenderToTexture/Macros/RenderToTextureMacros.uasset' has been saved with empty engine version. The asset will be loaded but may be incompatible.
[2015.12.14-18.30.43:483][ 63]LogContentBrowser: Native class hierarchy updated for 'BlueprintGraph' in 0.0021 seconds. Added 107 classes and 0 folders.
[2015.12.14-18.31.43:333][175]LogProperty:Warning: ObjectProperty /Script/Engine.EdGraphPin:LinkedTo.LinkedTo: unresolved reference to 'EdGraphPin'K2Node_BreakStruct_262.EdGraphPin_175529''
[2015.12.14-18.31.43:333][175]LogUObjectHash:Warning: Ambiguous search, could be K2Node_SetFieldsInStruct /Game/Blueprints/BP_CommandCentre.BP_CommandCentre:EventGraph.K2Node_SetFieldsInStruct_225 or K2Node_SetFieldsInStruct /Game/Blueprints/BP_Container.BP_Container:EventGraph.K2Node_SetFieldsInStruct_225
[2015.12.14-18.31.43:333][175]LogProperty:Warning: ObjectProperty /Script/Engine.EdGraphPin:LinkedTo.LinkedTo: unresolved reference to 'EdGraphPin'K2Node_SetFieldsInStruct_225.EdGraphPin_177873''
[2015.12.14-18.31.43:337][175]LogProperty:Warning: ObjectProperty /Script/Engine.EdGraphPin:LinkedTo.LinkedTo: unresolved reference to 'EdGraphPin'K2Node_BreakStruct_262.EdGraphPin_175528''
[2015.12.14-18.31.43:337][175]LogUObjectHash:Warning: Ambiguous search, could be K2Node_SetFieldsInStruct /Game/Blueprints/BP_CommandCentre.BP_CommandCentre:EventGraph.K2Node_SetFieldsInStruct_225 or K2Node_SetFieldsInStruct /Game/Blueprints/BP_Container.BP_Container:EventGraph.K2Node_SetFieldsInStruct_225
[2015.12.14-18.31.43:337][175]LogProperty:Warning: ObjectProperty /Script/Engine.EdGraphPin:LinkedTo.LinkedTo: unresolved reference to 'EdGraphPin'K2Node_SetFieldsInStruct_225.EdGraphPin_177871''
[2015.12.14-18.31.43:339][175]LogProperty:Warning: ObjectProperty /Script/Engine.EdGraphPin:LinkedTo.LinkedTo: unresolved reference to 'EdGraphPin'K2Node_VariableSet_1801.EdGraphPin_177732''
[2015.12.14-18.31.43:340][175]LogProperty:Warning: ObjectProperty /Script/Engine.EdGraphPin:LinkedTo.LinkedTo: unresolved reference to 'EdGraphPin'K2Node_VariableSet_1801.EdGraphPin_177734''
[2015.12.14-18.32.31:954][ 81]Cmd: OBJ SAVEPACKAGE PACKAGE="/Game/Blueprints/BP_Container" FILE="../../../../../../Users/Morax/Documents/Unreal Projects/OpulentiumGame 4.10Z/Content/Blueprints/BP_Container.uasset" SILENT=true
[2015.12.14-18.32.32:044][ 81]LogSavePackage: Save=60.314030ms
[2015.12.14-18.32.32:044][ 81]LogSavePackage: Moving '../../../../../../Users/Morax/Documents/Unreal Projects/OpulentiumGame 4.10Z/Saved/BP_Container377479884DE9F504D91187AC6771274A.tmp' to '../../../../../../Users/Morax/Documents/Unreal Projects/OpulentiumGame 4.10Z/Content/Blueprints/BP_Container.uasset'
[2015.12.14-18.32.32:046][ 81]LogSavePackage: Total save time: 89.689493ms
[2015.12.14-18.32.32:046][ 81]LogSavePackage:Display: Finished SavePackage ../../../../../../Users/Morax/Documents/Unreal Projects/OpulentiumGame 4.10Z/Content/Blueprints/BP_Container.uasset
[2015.12.14-18.32.32:471][ 87]BlueprintLog: New page: Compile BP_Container
[2015.12.14-18.32.32:709][ 87]LogActorComponent: UnregisterComponent: (/Engine/Transient.CharMoveComp) Not registered. Aborting.
[2015.12.14-18.32.33:187][ 87]BlueprintEditorCompileResults: Info [0141.49] Compile of BP_Container successful! [in 715 ms]
[2015.12.14-18.32.42:949][239]Cmd: OBJ SAVEPACKAGE PACKAGE="/Game/Blueprints/BP_Container" FILE="../../../../../../Users/Morax/Documents/Unreal Projects/OpulentiumGame 4.10Z/Content/Blueprints/BP_Container.uasset" SILENT=true
[2015.12.14-18.32.43:018][239]LogSavePackage: Save=57.562645ms
[2015.12.14-18.32.43:018][239]LogSavePackage: Moving '../../../../../../Users/Morax/Documents/Unreal Projects/OpulentiumGame 4.10Z/Saved/BP_ContainerA99E82034772C4E3B216A7AC2C628254.tmp' to '../../../../../../Users/Morax/Documents/Unreal Projects/OpulentiumGame 4.10Z/Content/Blueprints/BP_Container.uasset'
[2015.12.14-18.32.43:021][239]LogSavePackage: Total save time: 69.483824ms
[2015.12.14-18.32.43:021][239]LogSavePackage:Display: Finished SavePackage ../../../../../../Users/Morax/Documents/Unreal Projects/OpulentiumGame 4.10Z/Content/Blueprints/BP_Container.uasset
[2015.12.14-18.34.27:998][875]LogSavePackage: Save=246.188171ms
[2015.12.14-18.34.27:998][875]LogSavePackage: Moving '../../../../../../Users/Morax/Documents/Unreal Projects/OpulentiumGame 4.10Z/Saved/BP_StructureBuild0C7C25124FD15500C31635838CB78A87.tmp' to '../../../../../../Users/Morax/Documents/Unreal Projects/OpulentiumGame 4.10Z/Content/Blueprints/BP_StructureBuild.uasset'
[2015.12.14-18.34.28:002][875]LogSavePackage: Total save time: 268.897135ms
[2015.12.14-18.34.28:002][875]LogSavePackage:Display: Finished SavePackage ../../../../../../Users/Morax/Documents/Unreal Projects/OpulentiumGame 4.10Z/Content/Blueprints/BP_StructureBuild.uasset
[2015.12.14-18.34.28:316][894]BlueprintLog: New page: Compile BP_StructureBuild
[2015.12.14-18.34.28:541][894]LogActorComponent: UnregisterComponent: (/Engine/Transient.CharMoveComp) Not registered. Aborting.
[2015.12.14-18.34.28:604][894]BlueprintEditorCompileResults: Info [0256.90] Compile of BP_StructureBuild successful! [in 287 ms]
[2015.12.14-18.35.23:425][682]LogSavePackage: Save=218.946533ms
[2015.12.14-18.35.23:425][682]LogSavePackage: Moving '../../../../../../Users/Morax/Documents/Unreal Projects/OpulentiumGame 4.10Z/Saved/BP_StructurePlacementA8A8739D4F3966CA5097D48E0AA596ED.tmp' to '../../../../../../Users/Morax/Documents/Unreal Projects/OpulentiumGame 4.10Z/Content/Blueprints/BP_StructurePlacement.uasset'
[2015.12.14-18.35.23:429][682]LogSavePackage: Total save time: 240.812581ms
[2015.12.14-18.35.23:429][682]LogSavePackage:Display: Finished SavePackage ../../../../../../Users/Morax/Documents/Unreal Projects/OpulentiumGame 4.10Z/Content/Blueprints/BP_StructurePlacement.uasset
[2015.12.14-18.35.24:189][728]BlueprintLog: New page: Compile BP_StructurePlacement
[2015.12.14-18.35.24:286][728]LogActorComponent: UnregisterComponent: (/Engine/Transient.CharMoveComp) Not registered. Aborting.
[2015.12.14-18.35.24:557][728]BlueprintEditorCompileResults: Info [0312.85] Compile of BP_StructurePlacement successful! [in 367 ms]
[2015.12.14-18.35.29:108][983]LogSavePackage: Save=221.872833ms
[2015.12.14-18.35.29:108][983]LogSavePackage: Moving '../../../../../../Users/Morax/Documents/Unreal Projects/OpulentiumGame 4.10Z/Saved/BP_StructurePlacement34D631E94F804E9A657583ADBE3D69ED.tmp' to '../../../../../../Users/Morax/Documents/Unreal Projects/OpulentiumGame 4.10Z/Content/Blueprints/BP_StructurePlacement.uasset'
[2015.12.14-18.35.29:111][983]LogSavePackage: Total save time: 234.150089ms
[2015.12.14-18.35.29:111][983]LogSavePackage:Display: Finished SavePackage ../../../../../../Users/Morax/Documents/Unreal Projects/OpulentiumGame 4.10Z/Content/Blueprints/BP_StructurePlacement.uasset
[2015.12.14-18.35.35:435][184]LogParticles: Destroying 0 GPU particle simulations for FXSystem 0x00000000869B8220
[2015.12.14-18.35.53:703][725]LogActorComponent: UnregisterComponent: (/Engine/Transient.CharMoveComp) Not registered. Aborting.
[2015.12.14-18.35.59:186][804]Cmd: QUIT_EDITOR
[2015.12.14-18.35.59:322][804]LogExit: Preparing to exit.
[2015.12.14-18.35.59:980][804]LogExit: Editor shut down
[2015.12.14-18.35.59:981][804]LogExit: Transaction tracking system shut down
[2015.12.14-18.35.59:999][804]LogParticles: Destroying 0 GPU particle simulations for FXSystem 0x0000000046891DA0
[2015.12.14-18.35.59:999][804]LogParticles: Destroying 0 GPU particle simulations for FXSystem 0x000000001E197880
[2015.12.14-18.35.59:999][804]LogParticles: Destroying 0 GPU particle simulations for FXSystem 0x0000000022B6EAC0
[2015.12.14-18.36.00:000][804]LogParticles: Destroying 0 GPU particle simulations for FXSystem 0x000000001DDCEF20
[2015.12.14-18.36.00:005][804]LogParticles: Destroying 0 GPU particle simulations for FXSystem 0x0000000043FFEAC0
[2015.12.14-18.36.00:006][804]LogParticles: Destroying 0 GPU particle simulations for FXSystem 0x00000000533AA3E0
[2015.12.14-18.36.00:294][804]LogExit: Object subsystem successfully closed.
[2015.12.14-18.36.00:306][804]LogD3D11RHI: Shutdown
[2015.12.14-18.36.00:306][804]LogD3D11RHI: CleanupD3DDevice
[2015.12.14-18.36.00:376][804]LogD3D11RHI: ~FD3D11DynamicRHI
[2015.12.14-18.36.00:392][804]LogModuleManager: Shutting down and abandoning module CookingStats (203)
[2015.12.14-18.36.00:392][804]LogModuleManager: Shutting down and abandoning module BlueprintGraph (202)
[2015.12.14-18.36.00:392][804]LogModuleManager: Shutting down and abandoning module WidgetCarousel (201)
[2015.12.14-18.36.00:392][804]LogModuleManager: Shutting down and abandoning module AddContentDialog (200)
[2015.12.14-18.36.00:393][804]LogModuleManager: Shutting down and abandoning module EditorWidgets (199)
[2015.12.14-18.36.00:393][804]LogModuleManager: Shutting down and abandoning module CollectionManager (198)
[2015.12.14-18.36.00:393][804]LogModuleManager: Shutting down and abandoning module CrashTracker (197)
[2015.12.14-18.36.00:393][804]LogModuleManager: Shutting down and abandoning module SuperSearch (196)
[2015.12.14-18.36.00:393][804]LogModuleManager: Shutting down and abandoning module SceneOutliner (195)
[2015.12.14-18.36.00:393][804]LogModuleManager: Shutting down and abandoning module StatsViewer (194)
[2015.12.14-18.36.00:393][804]LogModuleManager: Shutting down and abandoning module FoliageEdit (193)
[2015.12.14-18.36.00:393][804]LogModuleManager: Shutting down and abandoning module LandscapeEditor (192)
[2015.12.14-18.36.00:394][804]LogModuleManager: Shutting down and abandoning module ActorPickerMode (191)
[2015.12.14-18.36.00:394][804]LogModuleManager: Shutting down and abandoning module GeometryMode (190)
[2015.12.14-18.36.00:394][804]LogModuleManager: Shutting down and abandoning module TextureAlignMode (189)
[2015.12.14-18.36.00:394][804]LogModuleManager: Shutting down and abandoning module BspMode (188)
[2015.12.14-18.36.00:394][804]LogModuleManager: Shutting down and abandoning module PlacementMode (187)
[2015.12.14-18.36.00:394][804]LogModuleManager: Shutting down and abandoning module AutomationWorker (186)
[2015.12.14-18.36.00:394][804]LogModuleManager: Shutting down and abandoning module CharacterAI (185)
[2015.12.14-18.36.00:394][804]LogModuleManager: Shutting down and abandoning module SmartSnapping (184)
[2015.12.14-18.36.00:394][804]LogModuleManager: Shutting down and abandoning module ViewportSnapping (183)
[2015.12.14-18.36.00:394][804]LogModuleManager: Shutting down and abandoning module LogVisualizer (182)
[2015.12.14-18.36.00:394][804]LogModuleManager: Shutting down and abandoning module GameProjectGeneration (181)
[2015.12.14-18.36.00:394][804]LogModuleManager: Shutting down and abandoning module IntroTutorials (180)
[2015.12.14-18.36.00:394][804]LogModuleManager: Shutting down and abandoning module EditorLiveStreaming (179)
[2015.12.14-18.36.00:394][804]LogModuleManager: Shutting down and abandoning module IOSPlatformEditor (178)
[2015.12.14-18.36.00:394][804]LogModuleManager: Shutting down and abandoning module HTML5PlatformEditor (177)
[2015.12.14-18.36.00:394][804]LogModuleManager: Shutting down and abandoning module AndroidDeviceDetection (176)
[2015.12.14-18.36.00:776][804]LogModuleManager: Shutting down and abandoning module AndroidPlatformEditor (175)
[2015.12.14-18.36.00:776][804]LogModuleManager: Shutting down and abandoning module IOSRuntimeSettings (174)
[2015.12.14-18.36.00:776][804]LogModuleManager: Shutting down and abandoning module AndroidRuntimeSettings (173)
[2015.12.14-18.36.00:776][804]LogModuleManager: Shutting down and abandoning module MergeActors (172)
[2015.12.14-18.36.00:776][804]LogModuleManager: Shutting down and abandoning module SizeMap (171)
[2015.12.14-18.36.00:776][804]LogModuleManager: Shutting down and abandoning module TreeMap (170)
[2015.12.14-18.36.00:776][804]LogModuleManager: Shutting down and abandoning module ReferenceViewer (169)
[2015.12.14-18.36.00:776][804]LogModuleManager: Shutting down and abandoning module LocalizationService (168)
[2015.12.14-18.36.00:776][804]LogModuleManager: Shutting down and abandoning module LocalizationDashboard (167)
[2015.12.14-18.36.00:776][804]LogModuleManager: Shutting down and abandoning module HardwareTargeting (166)
[2015.12.14-18.36.00:776][804]LogModuleManager: Shutting down and abandoning module DeviceProfileEditor (165)
[2015.12.14-18.36.00:776][804]LogModuleManager: Shutting down and abandoning module UndoHistory (164)
[2015.12.14-18.36.00:776][804]LogModuleManager: Shutting down and abandoning module GameplayTagsEditor (163)
[2015.12.14-18.36.00:776][804]LogModuleManager: Shutting down and abandoning module UserFeedback (162)
[2015.12.14-18.36.00:776][804]LogModuleManager: Shutting down and abandoning module XmlParser (161)
[2015.12.14-18.36.00:776][804]LogModuleManager: Shutting down and abandoning module Blutility (160)
[2015.12.14-18.36.00:776][804]LogModuleManager: Shutting down and abandoning module ProjectTargetPlatformEditor (159)
[2015.12.14-18.36.00:776][804]LogModuleManager: Shutting down and abandoning module ProjectSettingsViewer (158)
[2015.12.14-18.36.00:776][804]LogModuleManager: Shutting down and abandoning module InputBindingEditor (157)
[2015.12.14-18.36.00:776][804]LogModuleManager: Shutting down and abandoning module EditorSettingsViewer (156)
[2015.12.14-18.36.00:777][804]LogModuleManager: Shutting down and abandoning module SettingsEditor (155)
[2015.12.14-18.36.00:777][804]LogModuleManager: Shutting down and abandoning module ProjectLauncher (154)
[2015.12.14-18.36.00:777][804]LogModuleManager: Shutting down and abandoning module SessionFrontend (153)
[2015.12.14-18.36.00:777][804]LogModuleManager: Shutting down and abandoning module ProfilerClient (152)
[2015.12.14-18.36.00:777][804]LogModuleManager: Shutting down and abandoning module TargetDeviceServices (151)
[2015.12.14-18.36.00:777][804]LogModuleManager: Shutting down and abandoning module DeviceManager (150)
[2015.12.14-18.36.00:777][804]LogModuleManager: Shutting down and abandoning module AutomationController (149)
[2015.12.14-18.36.00:777][804]LogModuleManager: Shutting down and abandoning module AutomationWindow (148)
[2015.12.14-18.36.00:777][804]LogModuleManager: Shutting down and abandoning module Layers (147)
[2015.12.14-18.36.00:777][804]LogModuleManager: Shutting down and abandoning module ComponentVisualizers (146)
[2015.12.14-18.36.00:777][804]LogModuleManager: Shutting down and abandoning module DetailCustomizations (145)
[2015.12.14-18.36.00:777][804]LogModuleManager: Shutting down and abandoning module PackagesDialog (144)
[2015.12.14-18.36.00:777][804]LogModuleManager: Shutting down and abandoning module Persona (143)
[2015.12.14-18.36.00:777][804]LogModuleManager: Shutting down and abandoning module Kismet (142)
[2015.12.14-18.36.00:777][804]LogModuleManager: Shutting down and abandoning module GraphEditor (141)
[2015.12.14-18.36.00:777][804]LogModuleManager: Shutting down and abandoning module ClassViewer (140)
[2015.12.14-18.36.00:777][804]LogModuleManager: Shutting down and abandoning module Toolbox (139)
[2015.12.14-18.36.00:777][804]LogModuleManager: Shutting down and abandoning module ModuleUI (138)
[2015.12.14-18.36.00:777][804]LogModuleManager: Shutting down and abandoning module MovieSceneTools (137)
[2015.12.14-18.36.00:777][804]LogModuleManager: Shutting down and abandoning module OutputLog (136)
[2015.12.14-18.36.00:777][804]LogModuleManager: Shutting down and abandoning module GammaUI (135)
[2015.12.14-18.36.00:777][804]LogModuleManager: Shutting down and abandoning module Documentation (134)
[2015.12.14-18.36.00:777][804]LogModuleManager: Shutting down and abandoning module GameLiveStreaming (133)
[2015.12.14-18.36.00:777][804]LogModuleManager: Shutting down and abandoning module StreamingPauseRendering (132)
[2015.12.14-18.36.00:777][804]LogModuleManager: Shutting down and abandoning module AnalyticsET (131)
[2015.12.14-18.36.00:777][804]LogModuleManager: Shutting down and abandoning module Analytics (130)
[2015.12.14-18.36.00:777][804]LogModuleManager: Shutting down and abandoning module AITestSuite (129)
[2015.12.14-18.36.00:777][804]LogModuleManager: Shutting down and abandoning module GameplayDebugger (128)
[2015.12.14-18.36.00:777][804]LogModuleManager: Shutting down and abandoning module AIModule (127)
[2015.12.14-18.36.00:777][804]LogModuleManager: Shutting down and abandoning module ProfilerService (126)
[2015.12.14-18.36.00:854][804]LogModuleManager: Shutting down and abandoning module TaskGraph (125)
[2015.12.14-18.36.00:854][804]LogModuleManager: Shutting down and abandoning module SlateRemote (124)
[2015.12.14-18.36.00:854][804]LogModuleManager: Shutting down and abandoning module SteamVRController (123)
[2015.12.14-18.36.00:854][804]LogModuleManager: Shutting down and abandoning module SteamVR (122)
[2015.12.14-18.36.00:854][804]LogModuleManager: Shutting down and abandoning module ProceduralMeshComponent (121)
[2015.12.14-18.36.00:854][804]LogModuleManager: Shutting down and abandoning module OculusLibrary (120)
[2015.12.14-18.36.00:854][804]LogModuleManager: Shutting down and abandoning module OculusInput (119)
[2015.12.14-18.36.00:854][804]LogModuleManager: Shutting down and abandoning module LeapMotionController (118)
[2015.12.14-18.36.00:864][804]LogModuleManager: Shutting down and abandoning module CustomMeshComponent (117)
[2015.12.14-18.36.00:864][804]LogModuleManager: Shutting down and abandoning module CableComponent (116)
[2015.12.14-18.36.00:864][804]LogModuleManager: Shutting down and abandoning module ArchVisCharacter (115)
[2015.12.14-18.36.00:864][804]LogModuleManager: Shutting down and abandoning module MessagingDebugger (114)
[2015.12.14-18.36.00:864][804]LogModuleManager: Shutting down and abandoning module MediaPlayerEditor (113)
[2015.12.14-18.36.00:864][804]LogModuleManager: Shutting down and abandoning module HTML5Networking (112)
[2015.12.14-18.36.00:864][804]LogModuleManager: Shutting down and abandoning module SpeedTreeImporter (111)
[2015.12.14-18.36.00:864][804]LogModuleManager: Shutting down and abandoning module PluginBrowser (110)
[2015.12.14-18.36.00:864][804]LogModuleManager: Shutting down and abandoning module EpicSurvey (109)
[2015.12.14-18.36.00:864][804]LogModuleManager: Shutting down and abandoning module DesktopPlatform (108)
[2015.12.14-18.36.00:864][804]LogModuleManager: Shutting down and abandoning module VisualStudioSourceCodeAccess (107)
[2015.12.14-18.36.00:864][804]LogModuleManager: Shutting down and abandoning module UObjectPlugin (106)
[2015.12.14-18.36.00:864][804]LogModuleManager: Shutting down and abandoning module SubversionSourceControl (105)
[2015.12.14-18.36.00:864][804]LogModuleManager: Shutting down and abandoning module PerforceSourceControl (104)
[2015.12.14-18.36.00:864][804]LogModuleManager: Shutting down and abandoning module SourceControl (103)
[2015.12.14-18.36.00:864][804]LogModuleManager: Shutting down and abandoning module GitSourceControl (102)
[2015.12.14-18.36.00:864][804]LogModuleManager: Shutting down and abandoning module LightPropagationVolumeEditor (101)
[2015.12.14-18.36.00:864][804]LogModuleManager: Shutting down and abandoning module PaperTiledImporter (100)
[2015.12.14-18.36.00:864][804]LogModuleManager: Shutting down and abandoning module PaperSpriteSheetImporter (99)
[2015.12.14-18.36.00:864][804]LogModuleManager: Shutting down and abandoning module MeshPaint (98)
[2015.12.14-18.36.00:864][804]LogModuleManager: Shutting down and abandoning module SlateReflector (97)
[2015.12.14-18.36.00:864][804]LogModuleManager: Shutting down and abandoning module HotReload (96)
[2015.12.14-18.36.00:864][804]LogModuleManager: Shutting down and abandoning module MainFrame (95)
[2015.12.14-18.36.00:864][804]LogModuleManager: Shutting down and abandoning module LevelEditor (94)
[2015.12.14-18.36.00:865][804]LogModuleManager: Shutting down and abandoning module DirectoryWatcher (93)
[2015.12.14-18.36.00:866][804]LogModuleManager: Shutting down and abandoning module AssetRegistry (92)
[2015.12.14-18.36.01:105][804]LogModuleManager: Shutting down and abandoning module ContentBrowser (91)
[2015.12.14-18.36.01:106][804]LogModuleManager: Shutting down and abandoning module Paper2DEditor (90)
[2015.12.14-18.36.01:106][804]LogModuleManager: Shutting down and abandoning module Opulentium (89)
[2015.12.14-18.36.01:106][804]LogModuleManager: Shutting down and abandoning module UdpMessaging (88)
[2015.12.14-18.36.01:206][804]LogModuleManager: Shutting down and abandoning module LightPropagationVolumeRuntime (87)
[2015.12.14-18.36.01:206][804]LogModuleManager: Shutting down and abandoning module Paper2D (86)
[2015.12.14-18.36.01:206][804]LogModuleManager: Shutting down and abandoning module WindowsMoviePlayer (85)
[2015.12.14-18.36.01:209][804]LogModuleManager: Shutting down and abandoning module Media (84)
[2015.12.14-18.36.01:209][804]LogModuleManager: Shutting down and abandoning module WmfMedia (83)
[2015.12.14-18.36.01:210][804]LogModuleManager: Shutting down and abandoning module OnlineBlueprintSupport (82)
[2015.12.14-18.36.01:210][804]LogModuleManager: Shutting down and abandoning module GameplayTasksEditor (81)
[2015.12.14-18.36.01:210][804]LogModuleManager: Shutting down and abandoning module PropertyEditor (80)
[2015.12.14-18.36.01:210][804]LogModuleManager: Shutting down and abandoning module BehaviorTreeEditor (79)
[2015.12.14-18.36.01:210][804]LogModuleManager: Shutting down and abandoning module FunctionalTesting (78)
[2015.12.14-18.36.01:210][804]LogModuleManager: Shutting down and abandoning module CollisionAnalyzer (77)
[2015.12.14-18.36.01:210][804]LogModuleManager: Shutting down and abandoning module WorkspaceMenuStructure (76)
[2015.12.14-18.36.01:210][804]LogModuleManager: Shutting down and abandoning module MessageLog (75)
[2015.12.14-18.36.01:210][804]LogModuleManager: Shutting down and abandoning module Sequencer (74)
[2015.12.14-18.36.01:210][804]LogModuleManager: Shutting down and abandoning module AssetTools (73)
[2015.12.14-18.36.01:210][804]LogModuleManager: Shutting down and abandoning module UMGEditor (72)
[2015.12.14-18.36.01:210][804]LogModuleManager: Shutting down and abandoning module UMG (71)
[2015.12.14-18.36.01:210][804]LogModuleManager: Shutting down and abandoning module Slate (70)
[2015.12.14-18.36.01:210][804]LogModuleManager: Shutting down and abandoning module EditorStyle (69)
[2015.12.14-18.36.01:212][804]LogModuleManager: Shutting down and abandoning module SessionServices (68)
[2015.12.14-18.36.01:212][804]LogModuleManager: Shutting down and abandoning module SourceCodeAccess (67)
[2015.12.14-18.36.01:212][804]LogModuleManager: Shutting down and abandoning module HeadMountedDisplay (66)
[2015.12.14-18.36.01:212][804]LogModuleManager: Shutting down and abandoning module XAudio2 (65)
[2015.12.14-18.36.01:212][804]LogModuleManager: Shutting down and abandoning module Networking (64)
[2015.12.14-18.36.01:212][804]LogModuleManager: Shutting down and abandoning module Core (63)
[2015.12.14-18.36.01:212][804]LogModuleManager: Shutting down and abandoning module KismetCompiler (62)
[2015.12.14-18.36.01:212][804]LogModuleManager: Shutting down and abandoning module PhysXFormats (61)
[2015.12.14-18.36.01:212][804]LogModuleManager: Shutting down and abandoning module MeshUtilities (60)
[2015.12.14-18.36.01:212][804]LogModuleManager: Shutting down and abandoning module DerivedDataCache (59)
[2015.12.14-18.36.01:214][804]LogDerivedDataCache: Shutdown
[2015.12.14-18.36.01:214][804]LogModuleManager: Shutting down and abandoning module ShaderFormatOpenGL (58)
[2015.12.14-18.36.01:214][804]LogModuleManager: Shutting down and abandoning module ShaderFormatD3D (57)
[2015.12.14-18.36.01:214][804]LogModuleManager: Shutting down and abandoning module MetalShaderFormat (56)
[2015.12.14-18.36.01:214][804]LogModuleManager: Shutting down and abandoning module TextureFormatUncompressed (55)
[2015.12.14-18.36.01:214][804]LogModuleManager: Shutting down and abandoning module TextureFormatPVR (54)
[2015.12.14-18.36.01:214][804]LogModuleManager: Shutting down and abandoning module TextureFormatIntelISPCTexComp (53)
[2015.12.14-18.36.01:214][804]LogModuleManager: Shutting down and abandoning module TextureFormatDXT (52)
[2015.12.14-18.36.01:214][804]LogModuleManager: Shutting down and abandoning module ImageWrapper (51)
[2015.12.14-18.36.01:214][804]LogModuleManager: Shutting down and abandoning module TextureFormatASTC (50)
[2015.12.14-18.36.01:214][804]LogModuleManager: Shutting down and abandoning module TextureFormatAndroid (49)
[2015.12.14-18.36.01:214][804]LogModuleManager: Shutting down and abandoning module AudioFormatOpus (48)
[2015.12.14-18.36.01:214][804]LogModuleManager: Shutting down and abandoning module AudioFormatOgg (47)
[2015.12.14-18.36.01:214][804]LogModuleManager: Shutting down and abandoning module AudioFormatADPCM (46)
[2015.12.14-18.36.01:214][804]LogModuleManager: Shutting down and abandoning module LinuxTargetPlatform (45)
[2015.12.14-18.36.01:214][804]LogModuleManager: Shutting down and abandoning module LinuxServerTargetPlatform (44)
[2015.12.14-18.36.01:214][804]LogModuleManager: Shutting down and abandoning module LinuxNoEditorTargetPlatform (43)
[2015.12.14-18.36.01:214][804]LogModuleManager: Shutting down and abandoning module Messaging (42)
[2015.12.14-18.36.01:214][804]LogModuleManager: Shutting down and abandoning module IOSTargetPlatform (41)
[2015.12.14-18.36.01:214][804]LogModuleManager: Shutting down and abandoning module HTML5TargetPlatform (40)
[2015.12.14-18.36.01:214][804]LogModuleManager: Shutting down and abandoning module Android_PVRTCTargetPlatform (39)
[2015.12.14-18.36.01:214][804]LogModuleManager: Shutting down and abandoning module Android_MultiTargetPlatform (38)
[2015.12.14-18.36.01:214][804]LogModuleManager: Shutting down and abandoning module Android_ETC2TargetPlatform (37)
[2015.12.14-18.36.01:214][804]LogModuleManager: Shutting down and abandoning module Android_ETC1TargetPlatform (36)
[2015.12.14-18.36.01:214][804]LogModuleManager: Shutting down and abandoning module Android_DXTTargetPlatform (35)
[2015.12.14-18.36.01:214][804]LogModuleManager: Shutting down and abandoning module Android_ATCTargetPlatform (34)
[2015.12.14-18.36.01:214][804]LogModuleManager: Shutting down and abandoning module Android_ASTCTargetPlatform (33)
[2015.12.14-18.36.01:214][804]LogModuleManager: Shutting down and abandoning module AndroidTargetPlatform (32)
[2015.12.14-18.36.01:214][804]LogModuleManager: Shutting down and abandoning module WindowsTargetPlatform (31)
[2015.12.14-18.36.01:214][804]LogModuleManager: Shutting down and abandoning module WindowsServerTargetPlatform (30)
[2015.12.14-18.36.01:214][804]LogModuleManager: Shutting down and abandoning module WindowsNoEditorTargetPlatform (29)
[2015.12.14-18.36.01:214][804]LogModuleManager: Shutting down and abandoning module WindowsClientTargetPlatform (28)
[2015.12.14-18.36.01:214][804]LogModuleManager: Shutting down and abandoning module AllDesktopTargetPlatform (27)
[2015.12.14-18.36.01:214][804]LogModuleManager: Shutting down and abandoning module TargetPlatform (26)
[2015.12.14-18.36.01:214][804]LogModuleManager: Shutting down and abandoning module InputCore (25)
[2015.12.14-18.36.01:214][804]LogModuleManager: Shutting down and abandoning module Settings (24)
[2015.12.14-18.36.01:214][804]LogModuleManager: Shutting down and abandoning module Voice (22)
[2015.12.14-18.36.01:214][804]LogModuleManager: Shutting down and abandoning module OnlineSubsystem (19)
[2015.12.14-18.36.01:214][804]LogOnline:Display: NULL: FOnlineSubsystemNull::Shutdown()
[2015.12.14-18.36.01:215][804]LogOnline:Display: Unloading online subsystem: Null
[2015.12.14-18.36.01:215][804]LogModuleManager: Shutting down and abandoning module HTTP (18)
[2015.12.14-18.36.03:215][804]LogModuleManager: Shutting down and abandoning module XMPP (17)
[2015.12.14-18.36.03:215][804]LogModuleManager: Shutting down and abandoning module OculusRift (16)
[2015.12.14-18.36.03:215][804]LogModuleManager: Shutting down and abandoning module ExampleDeviceProfileSelector (15)
[2015.12.14-18.36.03:215][804]LogModuleManager: Shutting down and abandoning module TextureCompressor (14)
[2015.12.14-18.36.03:215][804]LogModuleManager: Shutting down and abandoning module ShaderCore (13)
[2015.12.14-18.36.03:215][804]LogModuleManager: Shutting down and abandoning module Landscape (12)
[2015.12.14-18.36.03:215][804]LogModuleManager: Shutting down and abandoning module SlateRHIRenderer (11)
[2015.12.14-18.36.03:216][804]LogModuleManager: Shutting down and abandoning module OpenGLDrv (10)
[2015.12.14-18.36.03:216][804]LogModuleManager: Shutting down and abandoning module D3D11RHI (9)
[2015.12.14-18.36.03:216][804]LogModuleManager: Shutting down and abandoning module AnimGraphRuntime (8)
[2015.12.14-18.36.03:216][804]LogModuleManager: Shutting down and abandoning module Renderer (7)
[2015.12.14-18.36.03:216][804]LogModuleManager: Shutting down and abandoning module Engine (6)
[2015.12.14-18.36.03:216][804]LogModuleManager: Shutting down and abandoning module CoreUObject (5)
[2015.12.14-18.36.03:216][804]LogModuleManager: Shutting down and abandoning module NetworkFile (4)
[2015.12.14-18.36.03:216][804]LogModuleManager: Shutting down and abandoning module StreamingFile (3)
[2015.12.14-18.36.03:216][804]LogModuleManager: Shutting down and abandoning module SandboxFile (2)
[2015.12.14-18.36.03:216][804]LogModuleManager: Shutting down and abandoning module PakFile (1)
[2015.12.14-18.36.03:217][804]LogExit: Exiting.
[2015.12.14-18.36.03:219][804]Log file closed, 12/14/15 18:36:03
