[2016.02.03-21.17.30:903][  0]Log file open, 02/03/16 21:17:30
[2016.02.03-21.17.30:903][  0]LogInit:Display: Running engine for game: Opulentium
[2016.02.03-21.17.30:903][  0]LogPlatformFile: Not using cached read wrapper
[2016.02.03-21.17.30:903][  0]LogInit:Display: RandInit(-246227955) SRandInit(-246227954).
[2016.02.03-21.17.30:903][  0]LogTaskGraph: Started task graph with 4 named threads and 7 total threads.
[2016.02.03-21.17.30:903][  0]LogStats: Stats thread started at 0.064110
[2016.02.03-21.17.30:903][  0]LogInit: Version: 4.10.2-2818068+++depot+UE4-Releases+4.10
[2016.02.03-21.17.30:903][  0]LogInit: API Version: 2758231
[2016.02.03-21.17.30:903][  0]LogInit: Compiled (64-bit): Jan  6 2016 17:36:42
[2016.02.03-21.17.30:903][  0]LogInit: Compiled with Visual C++: 19.00.23026.00
[2016.02.03-21.17.30:903][  0]LogInit: Build Configuration: Development
[2016.02.03-21.17.30:903][  0]LogInit: Branch Name: ++depot+UE4-Releases+4.10
[2016.02.03-21.17.30:903][  0]LogInit: Command line:  
[2016.02.03-21.17.30:903][  0]LogInit: Base directory: C:/Program Files/Epic Games/4.10/Engine/Binaries/Win64/
[2016.02.03-21.17.30:903][  0]LogInit: Rocket: 1
[2016.02.03-21.17.30:913][  0]LogInit: Using libcurl 7.41.0
[2016.02.03-21.17.30:913][  0]LogInit:  - built for x86_64-pc-win32
[2016.02.03-21.17.30:913][  0]LogInit:  - supports SSL with WinSSL
[2016.02.03-21.17.30:913][  0]LogInit:  - other features:
[2016.02.03-21.17.30:913][  0]LogInit:      CURL_VERSION_SSL
[2016.02.03-21.17.30:913][  0]LogInit:      CURL_VERSION_IPV6
[2016.02.03-21.17.30:913][  0]LogInit:      CURL_VERSION_ASYNCHDNS
[2016.02.03-21.17.30:913][  0]LogInit:      CURL_VERSION_LARGEFILE
[2016.02.03-21.17.30:913][  0]LogInit:      CURL_VERSION_IDN
[2016.02.03-21.17.30:913][  0]LogInit:  CurlRequestOptions (configurable via config and command line):
[2016.02.03-21.17.30:913][  0]LogInit:  - bVerifyPeer = true  - Libcurl will verify peer certificate
[2016.02.03-21.17.30:913][  0]LogInit:  - bUseHttpProxy = false  - Libcurl will NOT use HTTP proxy
[2016.02.03-21.17.30:913][  0]LogInit:  - bDontReuseConnections = false  - Libcurl will reuse connections
[2016.02.03-21.17.30:913][  0]LogInit:  - CertBundlePath = nullptr  - Libcurl will use whatever was configured at build time.
[2016.02.03-21.17.30:931][  0]LogInit: WinSock: version 1.1 (2.2), MaxSocks=32767, MaxUdp=65467
[2016.02.03-21.17.30:936][  0]LogVoice:Warning: Failed to initialize voice interface
[2016.02.03-21.17.30:940][  0]LogInit: Presizing for 0 objects not considered by GC, pre-allocating 0 bytes.
[2016.02.03-21.17.30:947][  0]LogInit: Object subsystem initialized
[2016.02.03-21.17.30:948][  0]LogInit: Selected Device Profile: [Windows]
[2016.02.03-21.17.30:948][  0]LogInit: Applying CVar settings loaded from the selected device profile: [Windows]
[2016.02.03-21.17.31:065][  0]LogInit: Computer: MORAX-PC
[2016.02.03-21.17.31:065][  0]LogInit: User: Morax
[2016.02.03-21.17.31:065][  0]LogInit: CPU Page size=4096, Cores=4
[2016.02.03-21.17.31:065][  0]LogInit: High frequency timer resolution =2.241064 MHz
[2016.02.03-21.17.31:065][  0]LogMemory: Memory total: Physical=7.9GB (8GB approx)
[2016.02.03-21.17.31:065][  0]LogMemory: Platform Memory Stats for Windows
[2016.02.03-21.17.31:065][  0]LogMemory: Process Physical Memory: 62.06 MB used, 62.06 MB peak
[2016.02.03-21.17.31:065][  0]LogMemory: Process Virtual Memory: 61.04 MB used, 61.04 MB peak
[2016.02.03-21.17.31:065][  0]LogMemory: Physical Memory: 2876.42 MB used, 8077.86 MB total
[2016.02.03-21.17.31:065][  0]LogMemory: Virtual Memory: 362.55 MB used, 8388608.00 MB total
[2016.02.03-21.17.31:950][  0]LogTextLocalizationManager: No specific translations for ('en-GB') exist, so ('en') translations will be used.
[2016.02.03-21.17.34:313][  0]LogD3D11RHI: Found D3D11 adapter 0: NVIDIA GeForce GT 630M            (Feature Level 11_0)
[2016.02.03-21.17.34:313][  0]LogD3D11RHI: Adapter has 2000MB of dedicated video memory, 0MB of dedicated system memory, and 2047MB of shared system memory, 1 output[s]
[2016.02.03-21.17.34:333][  0]LogD3D11RHI: Found D3D11 adapter 1: NVIDIA GeForce GT 630M            (Feature Level 11_0)
[2016.02.03-21.17.34:333][  0]LogD3D11RHI: Adapter has 2000MB of dedicated video memory, 0MB of dedicated system memory, and 2047MB of shared system memory, 0 output[s]
[2016.02.03-21.17.34:333][  0]LogD3D11RHI: Chosen D3D11 Adapter Id = 0
[2016.02.03-21.17.34:387][  0]LogD3D11RHI: !Direct3DDevice
[2016.02.03-21.17.34:387][  0]LogRHI: Texture pool is 1361 MB (70% of 1945 MB)
[2016.02.03-21.17.34:433][  0]LogD3D11RHI: Async texture creation enabled
[2016.02.03-21.17.34:678][  0]LogShaderCompilers: Guid format shader working directory is -24 characters bigger than the processId version (../../../../../../Users/Morax/Documents/Unreal Projects/OpulentiumGame/Intermediate/Shaders/WorkingDirectory/6620/).
[2016.02.03-21.17.34:678][  0]LogShaderCompilers: Cleaned the shader compiler working directory 'C:/Users/Morax/AppData/Local/Temp/UnrealShaderWorkingDir/63516E3A4025B61A1F3182BAB4F8FDB7/'.
[2016.02.03-21.17.34:678][  0]LogShaderCompilers:Display: Using Local Shader Compiler.
[2016.02.03-21.17.43:537][  0]LogTemp:Display: Loaded TP AllDesktopTargetPlatform
[2016.02.03-21.17.43:563][  0]LogTemp:Display: Loaded TP WindowsClientTargetPlatform
[2016.02.03-21.17.43:582][  0]LogTemp:Display: Loaded TP WindowsNoEditorTargetPlatform
[2016.02.03-21.17.43:601][  0]LogTemp:Display: Loaded TP WindowsServerTargetPlatform
[2016.02.03-21.17.43:616][  0]LogTemp:Display: Loaded TP WindowsTargetPlatform
[2016.02.03-21.17.43:649][  0]LogTemp:Display: Loaded TP AndroidTargetPlatform
[2016.02.03-21.17.43:673][  0]LogTemp:Display: Loaded TP Android_ASTCTargetPlatform
[2016.02.03-21.17.43:691][  0]LogTemp:Display: Loaded TP Android_ATCTargetPlatform
[2016.02.03-21.17.43:706][  0]LogTemp:Display: Loaded TP Android_DXTTargetPlatform
[2016.02.03-21.17.43:725][  0]LogTemp:Display: Loaded TP Android_ETC1TargetPlatform
[2016.02.03-21.17.43:745][  0]LogTemp:Display: Loaded TP Android_ETC2TargetPlatform
[2016.02.03-21.17.43:780][  0]LogTemp:Display: Loaded TP Android_MultiTargetPlatform
[2016.02.03-21.17.43:780][  0]LogTemp:Display: Loaded TP Android_PVRTCTargetPlatform
[2016.02.03-21.17.43:797][  0]LogTemp:Display: Loaded TP HTML5TargetPlatform
[2016.02.03-21.17.43:848][  0]LogTemp:Display: Loaded TP IOSTargetPlatform
[2016.02.03-21.17.43:866][  0]LogTemp:Display: Loaded TP LinuxNoEditorTargetPlatform
[2016.02.03-21.17.43:887][  0]LogTemp:Display: Loaded TP LinuxServerTargetPlatform
[2016.02.03-21.17.43:920][  0]LogTemp:Display: Loaded TP LinuxTargetPlatform
[2016.02.03-21.17.43:920][  0]LogTargetPlatformManager:Display: Building Assets For Windows
[2016.02.03-21.17.44:672][  0]LogDerivedDataCache:Display: Max Cache Size: 512 MB
[2016.02.03-21.17.45:425][  0]LogDerivedDataCache: Loaded boot cache 0.73s 41MB C:/Users/Morax/AppData/Local/UnrealEngine/4.10/DerivedDataCache/Boot.ddc.
[2016.02.03-21.17.45:425][  0]LogDerivedDataCache:Display: Loaded Boot cache: C:/Users/Morax/AppData/Local/UnrealEngine/4.10/DerivedDataCache/Boot.ddc
[2016.02.03-21.17.45:425][  0]LogDerivedDataCache: FDerivedDataBackendGraph:  Pak pak cache file ../../../../../../Users/Morax/Documents/Unreal Projects/OpulentiumGame/DerivedDataCache/DDC.ddp not found, will not use a pak cache.
[2016.02.03-21.17.45:425][  0]LogDerivedDataCache: Unable to find inner node Pak for hierarchical cache Hierarchy.
[2016.02.03-21.17.45:426][  0]LogDerivedDataCache: FDerivedDataBackendGraph:  CompressedPak pak cache file ../../../../../../Users/Morax/Documents/Unreal Projects/OpulentiumGame/DerivedDataCache/Compressed.ddp not found, will not use a pak cache.
[2016.02.03-21.17.45:426][  0]LogDerivedDataCache: Unable to find inner node CompressedPak for hierarchical cache Hierarchy.
[2016.02.03-21.17.45:601][  0]LogDerivedDataCache:Display: Pak cache opened for reading ../../../Engine/DerivedDataCache/Compressed.ddp.
[2016.02.03-21.17.45:613][  0]LogDerivedDataCache: Using Local data cache path C:/Users/Morax/AppData/Local/UnrealEngine/Common/DerivedDataCache: Writable
[2016.02.03-21.17.54:511][  0]LogInit: Selected Device Profile: [Windows]
[2016.02.03-21.17.54:531][  0]LogContentStreaming: Texture pool size is 0.000000MB
[2016.02.03-21.17.55:265][  0]LogMeshUtilities: No automatic mesh reduction module available
[2016.02.03-21.17.55:265][  0]LogMeshUtilities: No automatic mesh merging module available
[2016.02.03-21.18.20:162][  0]UdpMessaging: Initializing bridge on interface 0.0.0.0:0 to multicast group 230.0.0.1:6666.
[2016.02.03-21.18.20:995][  0]LogAssetRegistry: FAssetRegistry took 0.0103 seconds to start up
[2016.02.03-21.18.24:170][  0]SourceControl: Info Source control is disabled
[2016.02.03-21.18.26:683][  0]LogObj: 28670 objects as part of root set at end of initial load.
[2016.02.03-21.18.26:683][  0]LogUObjectAllocator: 6139240 out of 0 bytes used by permanent object pool.
[2016.02.03-21.18.27:527][  0]LogEngine: Initializing Engine...
[2016.02.03-21.18.27:562][  0]LogHMD: Can't find Oculus library dev build: is proper Runtime installed? Version: 0.8.0.0
[2016.02.03-21.18.27:640][  0]LogHMD: SteamVR failed to initialize.  Err: 110
[2016.02.03-21.18.28:322][  0]LogAIModule: Creating AISystem for world NewWorld
[2016.02.03-21.18.28:389][  0]LogInit: XAudio2 using 'Speakers (Realtek High Definition Audio)' : 2 channels at 48 kHz using 32 bits per sample (channel mask 0x3)
[2016.02.03-21.18.28:437][  0]LogInit: FAudioDevice initialized.
[2016.02.03-21.18.28:475][  0]LogDerivedDataCache: Saved boot cache 0.04s 41MB C:/Users/Morax/AppData/Local/UnrealEngine/4.10/DerivedDataCache/Boot.ddc.
[2016.02.03-21.18.28:481][  0]LogInit: Texture streaming: Enabled
[2016.02.03-21.18.28:564][  0]LogAnalytics: Creating configured Analytics provider AnalyticsET
[2016.02.03-21.18.28:564][  0]LogAnalytics: [UEEditor.Rocket.Release] APIServer = http://et2.epicgames.com/ET2/. AppVersion = 4.10.2-2818068+++depot+UE4-Releases+4.10
[2016.02.03-21.18.28:564][  0]LogAnalytics: [UEEditor.Rocket.Release] SetUserId 1f916c464b41818c79263184b8a317fa|92d59e447d7f48e990c00cb250ceef28|50a588ae-cf5d-4a4b-b988-d8f9b21af960
[2016.02.03-21.18.28:564][  0]LogAnalytics: [UEEditor.Rocket.Release] AnalyticsET::StartSession
[2016.02.03-21.18.29:054][  0]LogInit: Transaction tracking system initialized
[2016.02.03-21.18.29:890][  0]BlueprintLog: New page: Editor Load
[2016.02.03-21.18.34:675][  0]LocalizationService: Info Localization service is disabled
[2016.02.03-21.18.38:288][  0]LogConsoleResponse:Display: 
[2016.02.03-21.18.45:855][  0]LogFileCache: Scanning file cache for directory 'C:/Users/Morax/Documents/Unreal Projects/OpulentiumGame/Content/' took 0.03s
[2016.02.03-21.18.45:855][  0]LogCook:Display: Done creating registry. It took  0.00s.
[2016.02.03-21.18.49:007][  0]Cmd: MAP LOAD FILE="../../../../../../Users/Morax/Documents/Unreal Projects/OpulentiumGame/Content/Maps/OpTest.umap" TEMPLATE=0 SHOWPROGRESS=1 FEATURELEVEL=3
[2016.02.03-21.18.49:335][  0]LightingResults: New page: Lighting Build
[2016.02.03-21.18.49:563][  0]MapCheck: New page: Map Check
[2016.02.03-21.18.49:563][  0]LightingResults: New page: Lighting Build
[2016.02.03-21.18.49:573][  0]LogParticles: Destroying 0 GPU particle simulations for FXSystem 0x000000002A692160
[2016.02.03-21.18.51:433][  0]LogLinker:Warning: Asset '../../../../../../Users/Morax/Documents/Unreal Projects/OpulentiumGame/Content/Blueprints/BP_HUBController.uasset' has been saved with empty engine version. The asset will be loaded but may be incompatible.
[2016.02.03-21.18.51:464][  0]LogLinker:Warning: Asset '../../../../../../Users/Morax/Documents/Unreal Projects/OpulentiumGame/Content/Blueprints/Structs/PlayerIDInfo.uasset' has been saved with empty engine version. The asset will be loaded but may be incompatible.
[2016.02.03-21.18.51:700][  0]LogLinker:Warning: Asset '../../../../../../Users/Morax/Documents/Unreal Projects/OpulentiumGame/Content/Blueprints/Widget/BP_LoadScreen.uasset' has been saved with empty engine version. The asset will be loaded but may be incompatible.
[2016.02.03-21.18.52:212][  0]LogLinker:Warning: Asset '../../../../../../Users/Morax/Documents/Unreal Projects/OpulentiumGame/Content/Blueprints/Widget/BP_LobbyController.uasset' has been saved with empty engine version. The asset will be loaded but may be incompatible.
[2016.02.03-21.18.52:302][  0]LogLinker:Warning: Asset '../../../../../../Users/Morax/Documents/Unreal Projects/OpulentiumGame/Content/Blueprints/Widget/BP_Lobby.uasset' has been saved with empty engine version. The asset will be loaded but may be incompatible.
[2016.02.03-21.18.52:422][  0]LogLinker:Warning: Asset '../../../../../../Users/Morax/Documents/Unreal Projects/OpulentiumGame/Content/Blueprints/Widget/BP_LobbyState.uasset' has been saved with empty engine version. The asset will be loaded but may be incompatible.
[2016.02.03-21.18.52:638][  0]LogLinker:Warning: Asset '../../../../../../Users/Morax/Documents/Unreal Projects/OpulentiumGame/Content/Blueprints/Widget/BP_LobbyPlayer.uasset' has been saved with empty engine version. The asset will be loaded but may be incompatible.
[2016.02.03-21.18.53:363][  0]LogLinker:Warning: Asset '../../../../../../Users/Morax/Documents/Unreal Projects/OpulentiumGame/Content/Environment/Materials/Widget/MapOverview/Map_Duel.uasset' has been saved with empty engine version. The asset will be loaded but may be incompatible.
[2016.02.03-21.18.53:443][  0]LogLinker:Warning: Asset '../../../../../../Users/Morax/Documents/Unreal Projects/OpulentiumGame/Content/Environment/Materials/Widget/MapOverview/Map_LOS.uasset' has been saved with empty engine version. The asset will be loaded but may be incompatible.
[2016.02.03-21.18.54:295][  0]LogLinker:Warning: Asset '../../../../../../Users/Morax/Documents/Unreal Projects/OpulentiumGame/Content/Blueprints/BP_Placement.uasset' has been saved with empty engine version. The asset will be loaded but may be incompatible.
[2016.02.03-21.18.54:480][  0]LogLinker:Warning: Asset '../../../../../../Users/Morax/Documents/Unreal Projects/OpulentiumGame/Content/Blueprints/BP_WeaponHit.uasset' has been saved with empty engine version. The asset will be loaded but may be incompatible.
[2016.02.03-21.18.54:514][  0]LogLinker:Warning: Asset '../../../../../../Users/Morax/Documents/Unreal Projects/OpulentiumGame/Content/Blueprints/BP_CommandPlacement.uasset' has been saved with empty engine version. The asset will be loaded but may be incompatible.
[2016.02.03-21.18.56:640][  0]LogLinker:Warning: Asset '../../../../../../Users/Morax/Documents/Unreal Projects/OpulentiumGame/Content/Blueprints/Widget/BP_RespawnMenu.uasset' has been saved with empty engine version. The asset will be loaded but may be incompatible.
[2016.02.03-21.19.02:473][  0]LogLinker:Warning: Asset '../../../../../../Users/Morax/Documents/Unreal Projects/OpulentiumGame/Content/Environment/Materials/Glow/DefaultTextMaterialGlow.uasset' has been saved with empty engine version. The asset will be loaded but may be incompatible.
[2016.02.03-21.19.02:940][  0]LogLinker:Warning: Asset '../../../../../../Users/Morax/Documents/Unreal Projects/OpulentiumGame/Content/Blueprints/BP_ShieldBarrier.uasset' has been saved with empty engine version. The asset will be loaded but may be incompatible.
[2016.02.03-21.19.03:434][  0]LogLinker:Warning: Asset '../../../../../../Users/Morax/Documents/Unreal Projects/OpulentiumGame/Content/Blueprints/BP_ShieldGenerator.uasset' has been saved with empty engine version. The asset will be loaded but may be incompatible.
[2016.02.03-21.19.03:698][  0]LogLinker:Warning: Asset '../../../../../../Users/Morax/Documents/Unreal Projects/OpulentiumGame/Content/Blueprints/BP_SnapPlacement.uasset' has been saved with empty engine version. The asset will be loaded but may be incompatible.
[2016.02.03-21.19.08:101][  0]LogLinker:Warning: Asset '../../../../../../Users/Morax/Documents/Unreal Projects/OpulentiumGame/Content/Environment/HUD/VCapIcon.uasset' has been saved with empty engine version. The asset will be loaded but may be incompatible.
[2016.02.03-21.19.09:881][  0]LogBlueprint:Warning: [compiler BP_Vehicle] Warning 'BP Player Primary' does not inherit from 'BP Combat Actor' ( Cast To BP_PlayerPrimary  would always fail).
[2016.02.03-21.19.09:884][  0]LogBlueprint:Warning: [compiler BP_Vehicle] Warning 'BP Player Primary' does not inherit from 'BP Combat Actor' ( Cast To BP_PlayerPrimary  would always fail).
[2016.02.03-21.19.09:884][  0]LogBlueprint:Warning: [compiler BP_Vehicle] Warning Can't connect pins  Pilot  and  Primary : BP Combat Actor Reference is not compatible with BP Player Primary Reference.
[2016.02.03-21.19.09:885][  0]LogBlueprint:Warning: [compiler BP_Vehicle] Warning Can't connect pins  Primary  and  Pilot : BP Player Primary Reference is not compatible with BP Combat Actor Reference.
[2016.02.03-21.19.09:906][  0]LogBlueprint:Warning: [compiler BP_Vehicle] Warning [0100.04] Compile of BP_Vehicle successful, but with 4 Warning(s) [in 53 ms]
[2016.02.03-21.19.09:907][  0]LogBlueprint:Warning: [compiler BP_Vehicle] Warning [0100.04] Compile of BP_Vehicle successful, but with 5 Warning(s) [in 0 ms]
[2016.02.03-21.19.09:907][  0]LogBlueprint:Warning: [compiler BP_Vehicle] Warning [0100.04] Compile of BP_Vehicle successful, but with 6 Warning(s) [in 0 ms]
[2016.02.03-21.19.10:156][  0]LogBlueprint:Warning: [compiler BP_Transport] Warning 'BP Mech' does not inherit from 'BP Combat Actor' ( Cast To BP_Mech  would always fail).
[2016.02.03-21.19.10:156][  0]LogBlueprint:Warning: [compiler BP_Transport] Warning 'BP Mech' does not inherit from 'BP Combat Actor' ( Cast To BP_Mech  would always fail).
[2016.02.03-21.19.10:167][  0]LogEnum:Warning: Enum Text (Offset_4_85E51B4B45D4BC90A3D9C3A97E02884E=(X=0.000000,Y=0.000000,Z=0.000000),Actor_5_F86223EF4502EAC31DDC39B429609E8E=None) for Enum EN_SizeType failed to resolve to any value
[2016.02.03-21.19.10:201][  0]LogBlueprint:Warning: [compiler BP_Transport] Warning [0100.34] Compile of BP_Transport successful, but with 2 Warning(s) [in 62 ms]
[2016.02.03-21.19.10:201][  0]LogBlueprint:Warning: [compiler BP_Transport] Warning [0100.34] Compile of BP_Transport successful, but with 3 Warning(s) [in 0 ms]
[2016.02.03-21.19.10:201][  0]LogBlueprint:Warning: [compiler BP_Transport] Warning [0100.34] Compile of BP_Transport successful, but with 4 Warning(s) [in 0 ms]
[2016.02.03-21.19.10:392][  0]LogBlueprint:Warning: ExposeOnSpawn ambiguity. Property 'ObjectProperty /Engine/Transient.REINST_BP_OpulentiumActor_C_97:PrimaryOwner', MetaData 'False', Flag 'True'
[2016.02.03-21.19.10:393][  0]LogBlueprint:Warning: ExposeOnSpawn ambiguity. Property 'IntProperty /Engine/Transient.REINST_BP_OpulentiumActor_C_97:Team', MetaData 'False', Flag 'True'
[2016.02.03-21.19.10:406][  0]LogBlueprint:Error: [compiler BP_StructureBuild] Error COMPILER ERROR: failed building connection with 'BP Player Primary Reference is not compatible with BP Opulentium Actor Reference.' at  Get 
[2016.02.03-21.19.10:407][  0]LogBlueprint:Error: [compiler BP_StructureBuild] Error COMPILER ERROR: failed building connection with 'BP Structure Reference is not compatible with BP Opulentium Actor Reference.' at  SpawnActor 
[2016.02.03-21.19.10:426][  0]LogBlueprint:Error: [compiler BP_StructureBuild] Error Variable node  Get Team  uses an invalid target.  It may depend on a node that is not connected to the execution chain, and got purged.
[2016.02.03-21.19.10:426][  0]LogBlueprint:Error: [compiler BP_StructureBuild] Error Variable node  Get HealthMax  uses an invalid target.  It may depend on a node that is not connected to the execution chain, and got purged.
[2016.02.03-21.19.10:426][  0]LogBlueprint:Error: [compiler BP_StructureBuild] Error Variable node  Set with Notify Health  uses an invalid target.  It may depend on a node that is not connected to the execution chain, and got purged.
[2016.02.03-21.19.10:448][  0]LogBlueprint:Warning: [compiler BP_StructureBuild] Warning [0100.58] Compile of BP_StructureBuild failed. 5 Fatal Issue(s) 0 Warning(s) [in 50 ms]
[2016.02.03-21.19.10:448][  0]LogBlueprint:Warning: [compiler BP_StructureBuild] Warning [0100.58] Compile of BP_StructureBuild failed. 5 Fatal Issue(s) 1 Warning(s) [in 0 ms]
[2016.02.03-21.19.10:448][  0]LogBlueprint:Warning: [compiler BP_StructureBuild] Warning [0100.58] Compile of BP_StructureBuild failed. 5 Fatal Issue(s) 2 Warning(s) [in 0 ms]
[2016.02.03-21.19.10:487][  0]LogBlueprint:Warning: [compiler BP_Structure] Warning 'BP Conduit' does not inherit from 'BP Structure' ( Cast To BP_Conduit  would always fail).
[2016.02.03-21.19.10:489][  0]LogBlueprint:Warning: [compiler BP_Structure] Warning [0100.62] Compile of BP_Structure successful, but with 1 Warning(s) [in 5 ms]
[2016.02.03-21.19.10:490][  0]LogBlueprint:Warning: [compiler BP_Structure] Warning [0100.63] Compile of BP_Structure successful, but with 2 Warning(s) [in 0 ms]
[2016.02.03-21.19.10:490][  0]LogBlueprint:Warning: [compiler BP_Structure] Warning [0100.63] Compile of BP_Structure successful, but with 3 Warning(s) [in 0 ms]
[2016.02.03-21.19.10:681][  0]LogBlueprint:Warning: [compiler BP_OpulentiumHUD] Warning Can't connect pins  Primary Owner  and  Target : BP Player Primary Reference is not compatible with BP Opulentium Actor Reference.
[2016.02.03-21.19.10:682][  0]LogBlueprint:Warning: [compiler BP_OpulentiumHUD] Warning Can't connect pins  Target  and  Primary Owner : BP Opulentium Actor Reference is not compatible with BP Player Primary Reference.
[2016.02.03-21.19.10:682][  0]LogBlueprint:Warning: [compiler BP_OpulentiumHUD] Warning 'BP Builder' does not inherit from 'BP Opulentium Actor' ( GetProgress  would always fail).
[2016.02.03-21.19.10:682][  0]LogBlueprint:Warning: [compiler BP_OpulentiumHUD] Warning 'BP Conduit' does not inherit from 'BP Opulentium Actor' ( GetShieldShape  would always fail).
[2016.02.03-21.19.10:687][  0]LogBlueprint:Warning: [compiler BP_OpulentiumHUD] Warning Can't connect pins  Target  and  Primary Owner : BP Opulentium Actor Reference is not compatible with BP Player Primary Reference.
[2016.02.03-21.19.10:687][  0]LogBlueprint:Warning: [compiler BP_OpulentiumHUD] Warning Can't connect pins  Primary Owner  and  Target : BP Player Primary Reference is not compatible with BP Opulentium Actor Reference.
[2016.02.03-21.19.10:708][  0]LogBlueprint:Warning: [compiler BP_OpulentiumHUD] Warning [0100.84] Compile of BP_OpulentiumHUD successful, but with 6 Warning(s) [in 47 ms]
[2016.02.03-21.19.10:709][  0]LogBlueprint:Warning: [compiler BP_OpulentiumHUD] Warning [0100.84] Compile of BP_OpulentiumHUD successful, but with 7 Warning(s) [in 0 ms]
[2016.02.03-21.19.10:709][  0]LogBlueprint:Warning: [compiler BP_OpulentiumHUD] Warning [0100.84] Compile of BP_OpulentiumHUD successful, but with 8 Warning(s) [in 0 ms]
[2016.02.03-21.19.10:776][  0]LogBlueprint:Warning: [compiler BP_Weapon] Warning 'BP Player Primary' does not inherit from 'BP Combat Actor' ( GetRotation  would always fail).
[2016.02.03-21.19.10:782][  0]LogBlueprint:Warning: [compiler BP_Weapon] Warning [0100.92] Compile of BP_Weapon successful, but with 1 Warning(s) [in 18 ms]
[2016.02.03-21.19.10:784][  0]LogBlueprint:Warning: [compiler BP_Weapon] Warning [0100.92] Compile of BP_Weapon successful, but with 2 Warning(s) [in 2 ms]
[2016.02.03-21.19.10:784][  0]LogBlueprint:Warning: [compiler BP_Weapon] Warning [0100.92] Compile of BP_Weapon successful, but with 3 Warning(s) [in 0 ms]
[2016.02.03-21.19.10:914][  0]LogBlueprint:Warning: [compiler BP_MoveTo] Warning Can't connect pins  Target  and  Item : BP Opulentium Actor Reference is not compatible with BP Mech Reference.
[2016.02.03-21.19.10:915][  0]LogBlueprint:Warning: [compiler BP_MoveTo] Warning Can't connect pins  Item  and  Target : BP Mech Reference is not compatible with BP Opulentium Actor Reference.
[2016.02.03-21.19.10:929][  0]LogBlueprint:Warning: [compiler BP_MoveTo] Warning [0101.06] Compile of BP_MoveTo successful, but with 2 Warning(s) [in 29 ms]
[2016.02.03-21.19.10:929][  0]LogBlueprint:Warning: [compiler BP_MoveTo] Warning [0101.06] Compile of BP_MoveTo successful, but with 3 Warning(s) [in 0 ms]
[2016.02.03-21.19.10:929][  0]LogBlueprint:Warning: [compiler BP_MoveTo] Warning [0101.06] Compile of BP_MoveTo successful, but with 4 Warning(s) [in 0 ms]
[2016.02.03-21.19.11:031][  0]LogBlueprint:Warning: [compiler BP_UpgradeNode] Warning 'BP Conduit' does not inherit from 'BP Structure' ( Cast To BP_Conduit  would always fail).
[2016.02.03-21.19.11:032][  0]LogBlueprint:Warning: [compiler BP_UpgradeNode] Warning 'BP Conduit' does not inherit from 'BP Structure' ( Cast To BP_Conduit  would always fail).
[2016.02.03-21.19.11:039][  0]LogBlueprint:Warning: [compiler BP_UpgradeNode] Warning [0101.17] Compile of BP_UpgradeNode successful, but with 2 Warning(s) [in 35 ms]
[2016.02.03-21.19.11:039][  0]LogBlueprint:Warning: [compiler BP_UpgradeNode] Warning [0101.17] Compile of BP_UpgradeNode successful, but with 3 Warning(s) [in 0 ms]
[2016.02.03-21.19.11:039][  0]LogBlueprint:Warning: [compiler BP_UpgradeNode] Warning [0101.17] Compile of BP_UpgradeNode successful, but with 4 Warning(s) [in 0 ms]
[2016.02.03-21.19.11:131][  0]LogBlueprint:Warning: [compiler BP_UpgradeBuild] Warning 'BP Conduit' does not inherit from 'BP Structure' ( Cast To BP_Conduit  would always fail).
[2016.02.03-21.19.11:140][  0]LogBlueprint:Warning: [compiler BP_UpgradeBuild] Warning [0101.28] Compile of BP_UpgradeBuild successful, but with 1 Warning(s) [in 25 ms]
[2016.02.03-21.19.11:141][  0]LogBlueprint:Warning: [compiler BP_UpgradeBuild] Warning [0101.28] Compile of BP_UpgradeBuild successful, but with 2 Warning(s) [in 0 ms]
[2016.02.03-21.19.11:141][  0]LogBlueprint:Warning: [compiler BP_UpgradeBuild] Warning [0101.28] Compile of BP_UpgradeBuild successful, but with 3 Warning(s) [in 0 ms]
[2016.02.03-21.19.11:261][  0]LogBlueprint:Warning: [compiler BP_StructurePlacement] Warning Can't connect pins  Target  and  Item : BP Opulentium Actor Reference is not compatible with BP Command Centre Reference.
[2016.02.03-21.19.11:262][  0]LogBlueprint:Warning: [compiler BP_StructurePlacement] Warning Can't connect pins  Item  and  Target : BP Command Centre Reference is not compatible with BP Opulentium Actor Reference.
[2016.02.03-21.19.11:268][  0]LogBlueprint:Warning: [compiler BP_StructurePlacement] Warning [0101.40] Compile of BP_StructurePlacement successful, but with 2 Warning(s) [in 30 ms]
[2016.02.03-21.19.11:269][  0]LogBlueprint:Warning: [compiler BP_StructurePlacement] Warning [0101.40] Compile of BP_StructurePlacement successful, but with 3 Warning(s) [in 0 ms]
[2016.02.03-21.19.11:269][  0]LogBlueprint:Warning: [compiler BP_StructurePlacement] Warning [0101.40] Compile of BP_StructurePlacement successful, but with 4 Warning(s) [in 0 ms]
[2016.02.03-21.19.11:385][  0]LogBlueprint:Warning: [compiler BP_CommandCentre] Warning Can't connect pins  Target  and  Item : BP Opulentium Actor Reference is not compatible with BP Player Primary Reference.
[2016.02.03-21.19.11:386][  0]LogBlueprint:Warning: [compiler BP_CommandCentre] Warning Can't connect pins  Item  and  Target : BP Player Primary Reference is not compatible with BP Opulentium Actor Reference.
[2016.02.03-21.19.11:397][  0]LogBlueprint:Warning: [compiler BP_CommandCentre] Warning [0101.53] Compile of BP_CommandCentre successful, but with 2 Warning(s) [in 31 ms]
[2016.02.03-21.19.11:398][  0]LogBlueprint:Warning: [compiler BP_CommandCentre] Warning [0101.53] Compile of BP_CommandCentre successful, but with 3 Warning(s) [in 1 ms]
[2016.02.03-21.19.11:398][  0]LogBlueprint:Warning: [compiler BP_CommandCentre] Warning [0101.53] Compile of BP_CommandCentre successful, but with 4 Warning(s) [in 0 ms]
[2016.02.03-21.19.11:504][  0]LogBlueprint:Error: [compiler BP_UnitBuild] Error COMPILER ERROR: failed building connection with 'BP Player Primary Reference is not compatible with BP Opulentium Actor Reference.' at  Get 
[2016.02.03-21.19.11:508][  0]LogBlueprint:Error: [compiler BP_UnitBuild] Error This blueprint (self) is not a BP_OpulentiumActor_C, therefore ' Target ' must have a connection.
[2016.02.03-21.19.11:509][  0]LogBlueprint:Error: [compiler BP_UnitBuild] Error Variable node  Get Team  uses an invalid target.  It may depend on a node that is not connected to the execution chain, and got purged.
[2016.02.03-21.19.11:523][  0]LogBlueprint:Warning: [compiler BP_UnitBuild] Warning [0101.66] Compile of BP_UnitBuild failed. 3 Fatal Issue(s) 0 Warning(s) [in 27 ms]
[2016.02.03-21.19.11:525][  0]LogBlueprint:Warning: [compiler BP_UnitBuild] Warning [0101.66] Compile of BP_UnitBuild failed. 3 Fatal Issue(s) 1 Warning(s) [in 1 ms]
[2016.02.03-21.19.11:525][  0]LogBlueprint:Warning: [compiler BP_UnitBuild] Warning [0101.66] Compile of BP_UnitBuild failed. 3 Fatal Issue(s) 2 Warning(s) [in 0 ms]
[2016.02.03-21.19.11:542][  0]LogBlueprint:Warning: [compiler BP_RallyPoint] Warning Can't connect pins  Target  and  Builder : BP Opulentium Actor Reference is not compatible with BP Builder Reference.
[2016.02.03-21.19.11:542][  0]LogBlueprint:Warning: [compiler BP_RallyPoint] Warning Can't connect pins  Builder  and  Target : BP Builder Reference is not compatible with BP Opulentium Actor Reference.
[2016.02.03-21.19.11:545][  0]LogBlueprint:Warning: [compiler BP_RallyPoint] Warning [0101.68] Compile of BP_RallyPoint successful, but with 2 Warning(s) [in 8 ms]
[2016.02.03-21.19.11:545][  0]LogBlueprint:Warning: [compiler BP_RallyPoint] Warning [0101.68] Compile of BP_RallyPoint successful, but with 3 Warning(s) [in 0 ms]
[2016.02.03-21.19.11:545][  0]LogBlueprint:Warning: [compiler BP_RallyPoint] Warning [0101.68] Compile of BP_RallyPoint successful, but with 4 Warning(s) [in 0 ms]
[2016.02.03-21.19.12:012][  0]LogLinker:Warning: CreateExport: Failed to load Parent for Function /Game/Factions/TerraFirma/MarsPrimary/Weapon/BP_MarsProj01.BP_MarsProj01_C:UserConstructionScript; removing parent information, but keeping function
[2016.02.03-21.19.13:840][  0]LogLinker:Warning: Asset '../../../../../../Users/Morax/Documents/Unreal Projects/OpulentiumGame/Content/Factions/TerraFirma/HUD/VBMenu.uasset' has been saved with empty engine version. The asset will be loaded but may be incompatible.
[2016.02.03-21.19.13:874][  0]LogLinker:Warning: Asset '../../../../../../Users/Morax/Documents/Unreal Projects/OpulentiumGame/Content/Factions/TerraFirma/PTV/Materials/PTVIcon.uasset' has been saved with empty engine version. The asset will be loaded but may be incompatible.
[2016.02.03-21.19.13:898][  0]LogLinker:Warning: Asset '../../../../../../Users/Morax/Documents/Unreal Projects/OpulentiumGame/Content/Factions/TerraFirma/PTV/Materials/PTVIcon_Down.uasset' has been saved with empty engine version. The asset will be loaded but may be incompatible.
[2016.02.03-21.19.13:921][  0]LogLinker:Warning: Asset '../../../../../../Users/Morax/Documents/Unreal Projects/OpulentiumGame/Content/Factions/TerraFirma/PTV/Materials/PTVIcon_Hover.uasset' has been saved with empty engine version. The asset will be loaded but may be incompatible.
[2016.02.03-21.19.13:941][  0]LogLinker:Warning: Asset '../../../../../../Users/Morax/Documents/Unreal Projects/OpulentiumGame/Content/Factions/TerraFirma/VehicleBeacon/Materials/VehicleBeaconIcon.uasset' has been saved with empty engine version. The asset will be loaded but may be incompatible.
[2016.02.03-21.19.15:080][  0]LogBlueprint:Warning: [compiler BP_PlayerPrimary] Warning Can't connect pins  Target  and  As BP Mech : BP Combat Actor Reference is not compatible with BP Mech Reference.
[2016.02.03-21.19.15:080][  0]LogBlueprint:Warning: [compiler BP_PlayerPrimary] Warning Can't connect pins  As BP Mech  and  Target : BP Mech Reference is not compatible with BP Combat Actor Reference.
[2016.02.03-21.19.15:080][  0]LogBlueprint:Warning: [compiler BP_PlayerPrimary] Warning 'BP Mech' does not inherit from 'BP Combat Actor' ( Cast To BP_Mech  would always fail).
[2016.02.03-21.19.15:080][  0]LogBlueprint:Warning: [compiler BP_PlayerPrimary] Warning 'BP Mech' does not inherit from 'BP Opulentium Actor' ( Cast To BP_Mech  would always fail).
[2016.02.03-21.19.15:094][  0]LogBlueprint:Warning: [compiler BP_PlayerPrimary] Warning Can't connect pins  Target  and  Item : BP Combat Actor Reference is not compatible with BP Mech Reference.
[2016.02.03-21.19.15:096][  0]LogBlueprint:Warning: [compiler BP_PlayerPrimary] Warning 'BP Mech' does not inherit from 'BP Opulentium Actor' ( MechsSelected  would always fail).
[2016.02.03-21.19.15:096][  0]LogBlueprint:Warning: [compiler BP_PlayerPrimary] Warning 'BP Mech' does not inherit from 'BP Opulentium Actor' ( MechsSelected  would always fail).
[2016.02.03-21.19.15:096][  0]LogBlueprint:Warning: [compiler BP_PlayerPrimary] Warning 'BP Mech' does not inherit from 'BP Opulentium Actor' ( MechsSelected  would always fail).
[2016.02.03-21.19.15:097][  0]LogBlueprint:Warning: [compiler BP_PlayerPrimary] Warning 'BP Mech' does not inherit from 'BP Opulentium Actor' ( MechsSelected  would always fail).
[2016.02.03-21.19.15:097][  0]LogBlueprint:Warning: [compiler BP_PlayerPrimary] Warning Can't connect pins  Item  and  Target : BP Mech Reference is not compatible with BP Combat Actor Reference.
[2016.02.03-21.19.15:128][  0]LogBlueprint:Warning: [compiler BP_PlayerPrimary] Warning Can't connect pins  As BP Mech  and  Target : BP Mech Reference is not compatible with BP Combat Actor Reference.
[2016.02.03-21.19.15:129][  0]LogBlueprint:Warning: [compiler BP_PlayerPrimary] Warning Can't connect pins  Target  and  As BP Mech : BP Combat Actor Reference is not compatible with BP Mech Reference.
[2016.02.03-21.19.15:133][  0]LogBlueprint:Warning: [compiler BP_PlayerPrimary] Warning Can't connect pins  As BP Mech  and  Item : BP Mech Reference is not compatible with BP Combat Actor Reference (by ref).
[2016.02.03-21.19.15:133][  0]LogBlueprint:Warning: [compiler BP_PlayerPrimary] Warning 'BP Mech' does not inherit from 'BP Opulentium Actor' ( Cast To BP_Mech  would always fail).
[2016.02.03-21.19.15:133][  0]LogBlueprint:Warning: [compiler BP_PlayerPrimary] Warning Can't connect pins  Item  and  As BP Mech : BP Combat Actor Reference (by ref) is not compatible with BP Mech Reference.
[2016.02.03-21.19.15:203][  0]LogBlueprint:Warning: [compiler BP_PlayerPrimary] Warning 'BP Mech' does not inherit from 'BP Opulentium Actor' ( MechsSelected  would always fail).
[2016.02.03-21.19.15:227][  0]LogBlueprint:Error: [compiler BP_PlayerPrimary] Error COMPILER ERROR: failed building connection with 'BP Combat Actor Reference is not compatible with BP Mech Reference.' at  Get 
[2016.02.03-21.19.15:228][  0]LogBlueprint:Warning: [compiler BP_PlayerPrimary] Warning Can't connect pins  As BP Mech  and  Target : BP Mech Reference is not compatible with BP Combat Actor Reference.
[2016.02.03-21.19.15:228][  0]LogBlueprint:Warning: [compiler BP_PlayerPrimary] Warning Can't connect pins  As BP Mech  and  Actor : BP Mech Reference is not compatible with BP Combat Actor Reference.
[2016.02.03-21.19.15:229][  0]LogBlueprint:Warning: [compiler BP_PlayerPrimary] Warning Can't connect pins  Actor  and  As BP Mech : BP Combat Actor Reference is not compatible with BP Mech Reference.
[2016.02.03-21.19.15:229][  0]LogBlueprint:Warning: [compiler BP_PlayerPrimary] Warning Can't connect pins  Target  and  As BP Mech : BP Combat Actor Reference is not compatible with BP Mech Reference.
[2016.02.03-21.19.15:276][  0]LogBlueprint:Warning: [compiler BP_PlayerPrimary] Warning Can't connect pins  As BP Mech  and  Actor : BP Mech Reference is not compatible with BP Combat Actor Reference.
[2016.02.03-21.19.15:276][  0]LogBlueprint:Warning: [compiler BP_PlayerPrimary] Warning 'BP Mech' does not inherit from 'BP Opulentium Actor' ( Cast To BP_Mech  would always fail).
[2016.02.03-21.19.15:276][  0]LogBlueprint:Warning: [compiler BP_PlayerPrimary] Warning Can't connect pins  Actor  and  As BP Mech : BP Combat Actor Reference is not compatible with BP Mech Reference.
[2016.02.03-21.19.15:343][  0]LogBlueprint:Error: [compiler BP_PlayerPrimary] Error Variable node  Get  uses an invalid target.  It may depend on a node that is not connected to the execution chain, and got purged.
[2016.02.03-21.19.15:601][  0]LogBlueprint:Warning: [compiler BP_PlayerPrimary] Warning [0105.74] Compile of BP_PlayerPrimary failed. 2 Fatal Issue(s) 23 Warning(s) [in 727 ms]
[2016.02.03-21.19.15:620][  0]LogBlueprint:Warning: [compiler BP_PlayerPrimary] Warning [0105.76] Compile of BP_PlayerPrimary failed. 2 Fatal Issue(s) 24 Warning(s) [in 17 ms]
[2016.02.03-21.19.15:620][  0]LogBlueprint:Warning: [compiler BP_PlayerPrimary] Warning [0105.76] Compile of BP_PlayerPrimary failed. 2 Fatal Issue(s) 25 Warning(s) [in 0 ms]
[2016.02.03-21.19.18:223][  0]LogEnum:Warning: Enum Text (Offset_4_85E51B4B45D4BC90A3D9C3A97E02884E=(X=0.000000,Y=0.000000,Z=0.000000),Actor_5_F86223EF4502EAC31DDC39B429609E8E=None) for Enum EN_SizeType failed to resolve to any value
[2016.02.03-21.19.19:867][  0]LogLinker:Warning: Asset '../../../../../../Users/Morax/Documents/Unreal Projects/OpulentiumGame/Content/Factions/Security/Bot/BT_Security.uasset' has been saved with empty engine version. The asset will be loaded but may be incompatible.
[2016.02.03-21.19.19:949][  0]LogLinker:Warning: Asset '../../../../../../Users/Morax/Documents/Unreal Projects/OpulentiumGame/Content/Blueprints/BP_WaveBoss.uasset' has been saved with empty engine version. The asset will be loaded but may be incompatible.
[2016.02.03-21.19.19:971][  0]LogLinker:Warning: Asset '../../../../../../Users/Morax/Documents/Unreal Projects/OpulentiumGame/Content/Blueprints/BP_SpawnerParent.uasset' has been saved with empty engine version. The asset will be loaded but may be incompatible.
[2016.02.03-21.19.20:117][  0]LogBlueprint:Warning: [compiler Service_SetLookat] Warning The property is marked as BlueprintReadOnly or Private. It cannot be modifed in the blueprint.  Set DesiredRot 
[2016.02.03-21.19.20:118][  0]LogBlueprint:Warning: [compiler Service_SetLookat] Warning [0110.25] Compile of Service_SetLookat successful, but with 1 Warning(s) [in 3 ms]
[2016.02.03-21.19.20:118][  0]LogBlueprint:Warning: [compiler Service_SetLookat] Warning [0110.25] Compile of Service_SetLookat successful, but with 2 Warning(s) [in 0 ms]
[2016.02.03-21.19.20:118][  0]LogBlueprint:Warning: [compiler Service_SetLookat] Warning [0110.25] Compile of Service_SetLookat successful, but with 3 Warning(s) [in 0 ms]
[2016.02.03-21.19.20:435][  0]LogLinker:Warning: CreateExport: Failed to load Parent for Function /Game/Factions/Security/Squire/Meshes/BP_SquireWeapon.BP_SquireWeapon_C:UserConstructionScript; removing parent information, but keeping function
[2016.02.03-21.19.20:561][  0]LogBlueprint:Warning: [compiler Service_SetLookat] Warning The property is marked as BlueprintReadOnly or Private. It cannot be modifed in the blueprint.  Set DesiredRot 
[2016.02.03-21.19.20:562][  0]LogBlueprint:Warning: [compiler Service_SetLookat] Warning [0110.70] Compile of Service_SetLookat successful, but with 1 Warning(s) [in 3 ms]
[2016.02.03-21.19.20:562][  0]LogBlueprint:Warning: [compiler Service_SetLookat] Warning [0110.70] Compile of Service_SetLookat successful, but with 2 Warning(s) [in 0 ms]
[2016.02.03-21.19.20:562][  0]LogBlueprint:Warning: [compiler Service_SetLookat] Warning [0110.70] Compile of Service_SetLookat successful, but with 3 Warning(s) [in 0 ms]
[2016.02.03-21.19.32:602][  0]LogLinker:Warning: Asset '../../../../../../Users/Morax/Documents/Unreal Projects/OpulentiumGame/Content/Environment/Sounds/Effects/GunFire01.uasset' has been saved with empty engine version. The asset will be loaded but may be incompatible.
[2016.02.03-21.19.33:826][  0]LogAIModule: Creating AISystem for world OpTest
[2016.02.03-21.19.34:129][  0]LogEditorServer: Finished looking for orphan Actors (0.030 secs)
[2016.02.03-21.19.34:207][  0]Cmd: MAP CHECKDEP NOCLEARLOG
[2016.02.03-21.19.35:427][  0]MapCheck:Warning: Warning StaticMesh StaticMeshComponent /Game/Maps/OpTest.OpTest:PersistentLevel.BP_He3Deposit_C_3.StaticMesh : Externally referenced 
[2016.02.03-21.19.35:427][  0]MapCheck:Warning: Warning StaticMesh StaticMeshComponent /Game/Maps/OpTest.OpTest:PersistentLevel.BP_He3Deposit_C_4.StaticMesh : Externally referenced 
[2016.02.03-21.19.35:427][  0]MapCheck:Warning: Warning StaticMesh StaticMeshComponent /Game/Maps/OpTest.OpTest:PersistentLevel.BP_He3Deposit_C_5.StaticMesh : Externally referenced 
[2016.02.03-21.19.35:427][  0]MapCheck:Warning: Warning BP_WorldInfo_C_0 BP_WorldInfo_C /Game/Maps/OpTest.OpTest:PersistentLevel.BP_WorldInfo_C_0 : Externally referenced 
[2016.02.03-21.19.35:427][  0]MapCheck:Warning: Warning StaticMesh StaticMeshComponent /Game/Maps/OpTest.OpTest:PersistentLevel.BP_PowerNode_29.StaticMesh : Externally referenced 
[2016.02.03-21.19.35:427][  0]MapCheck:Warning: Warning MusicAudio AudioComponent /Game/Maps/OpTest.OpTest:PersistentLevel.BP_WorldInfo_C_0.MusicAudio : Externally referenced 
[2016.02.03-21.19.35:427][  0]MapCheck:Warning: Warning NewSceneCaptureComponent2D SceneCaptureComponent2D /Game/Maps/OpTest.OpTest:PersistentLevel.WorldCap.NewSceneCaptureComponent2D : Externally referenced 
[2016.02.03-21.19.35:427][  0]MapCheck:Warning: Warning ModelComponent_277 ModelComponent /Game/Maps/OpTest.OpTest:PersistentLevel.ModelComponent_277 : Externally referenced 
[2016.02.03-21.19.35:427][  0]MapCheck:Warning: Warning ModelComponent_278 ModelComponent /Game/Maps/OpTest.OpTest:PersistentLevel.ModelComponent_278 : Externally referenced 
[2016.02.03-21.19.35:427][  0]MapCheck:Warning: Warning ModelComponent_279 ModelComponent /Game/Maps/OpTest.OpTest:PersistentLevel.ModelComponent_279 : Externally referenced 
[2016.02.03-21.19.35:428][  0]MapCheck:Warning: Warning ModelComponent_280 ModelComponent /Game/Maps/OpTest.OpTest:PersistentLevel.ModelComponent_280 : Externally referenced 
[2016.02.03-21.19.35:428][  0]MapCheck:Warning: Warning ModelComponent_281 ModelComponent /Game/Maps/OpTest.OpTest:PersistentLevel.ModelComponent_281 : Externally referenced 
[2016.02.03-21.19.35:428][  0]MapCheck:Warning: Warning ModelComponent_282 ModelComponent /Game/Maps/OpTest.OpTest:PersistentLevel.ModelComponent_282 : Externally referenced 
[2016.02.03-21.19.35:428][  0]MapCheck:Warning: Warning ModelComponent_283 ModelComponent /Game/Maps/OpTest.OpTest:PersistentLevel.ModelComponent_283 : Externally referenced 
[2016.02.03-21.19.35:428][  0]MapCheck:Warning: Warning ModelComponent_284 ModelComponent /Game/Maps/OpTest.OpTest:PersistentLevel.ModelComponent_284 : Externally referenced 
[2016.02.03-21.19.35:428][  0]MapCheck:Warning: Warning ModelComponent_285 ModelComponent /Game/Maps/OpTest.OpTest:PersistentLevel.ModelComponent_285 : Externally referenced 
[2016.02.03-21.19.35:428][  0]MapCheck:Warning: Warning ModelComponent_286 ModelComponent /Game/Maps/OpTest.OpTest:PersistentLevel.ModelComponent_286 : Externally referenced 
[2016.02.03-21.19.35:428][  0]MapCheck:Warning: Warning ModelComponent_287 ModelComponent /Game/Maps/OpTest.OpTest:PersistentLevel.ModelComponent_287 : Externally referenced 
[2016.02.03-21.19.35:428][  0]MapCheck:Warning: Warning ModelComponent_288 ModelComponent /Game/Maps/OpTest.OpTest:PersistentLevel.ModelComponent_288 : Externally referenced 
[2016.02.03-21.19.35:428][  0]MapCheck:Warning: Warning ModelComponent_289 ModelComponent /Game/Maps/OpTest.OpTest:PersistentLevel.ModelComponent_289 : Externally referenced 
[2016.02.03-21.19.35:428][  0]MapCheck:Warning: Warning ModelComponent_290 ModelComponent /Game/Maps/OpTest.OpTest:PersistentLevel.ModelComponent_290 : Externally referenced 
[2016.02.03-21.19.35:428][  0]MapCheck:Warning: Warning ModelComponent_291 ModelComponent /Game/Maps/OpTest.OpTest:PersistentLevel.ModelComponent_291 : Externally referenced 
[2016.02.03-21.19.35:428][  0]MapCheck:Warning: Warning ModelComponent_292 ModelComponent /Game/Maps/OpTest.OpTest:PersistentLevel.ModelComponent_292 : Externally referenced 
[2016.02.03-21.19.35:428][  0]MapCheck:Warning: Warning ModelComponent_293 ModelComponent /Game/Maps/OpTest.OpTest:PersistentLevel.ModelComponent_293 : Externally referenced 
[2016.02.03-21.19.35:428][  0]MapCheck:Warning: Warning ModelComponent_294 ModelComponent /Game/Maps/OpTest.OpTest:PersistentLevel.ModelComponent_294 : Externally referenced 
[2016.02.03-21.19.35:428][  0]MapCheck:Warning: Warning ModelComponent_295 ModelComponent /Game/Maps/OpTest.OpTest:PersistentLevel.ModelComponent_295 : Externally referenced 
[2016.02.03-21.19.35:428][  0]MapCheck:Warning: Warning ModelComponent_296 ModelComponent /Game/Maps/OpTest.OpTest:PersistentLevel.ModelComponent_296 : Externally referenced 
[2016.02.03-21.19.35:428][  0]MapCheck:Warning: Warning ModelComponent_297 ModelComponent /Game/Maps/OpTest.OpTest:PersistentLevel.ModelComponent_297 : Externally referenced 
[2016.02.03-21.19.35:428][  0]MapCheck:Warning: Warning ModelComponent_298 ModelComponent /Game/Maps/OpTest.OpTest:PersistentLevel.ModelComponent_298 : Externally referenced 
[2016.02.03-21.19.35:428][  0]MapCheck:Warning: Warning Model_3 Model /Game/Maps/OpTest.OpTest:PersistentLevel.Model_3 : Externally referenced 
[2016.02.03-21.19.35:428][  0]MapCheck:Warning: Warning Polys_11 Polys /Game/Maps/OpTest.OpTest:PersistentLevel.BoxBrush.Model_6.Polys_11 : Externally referenced 
[2016.02.03-21.19.35:428][  0]MapCheck:Warning: Warning Polys_67 Polys /Game/Maps/OpTest.OpTest:PersistentLevel.BoxBrush2.Model_14.Polys_67 : Externally referenced 
[2016.02.03-21.19.35:428][  0]MapCheck:Warning: Warning Polys_137 Polys /Game/Maps/OpTest.OpTest:PersistentLevel.BoxBrush3.Model_14.Polys_137 : Externally referenced 
[2016.02.03-21.19.35:428][  0]MapCheck:Warning: Warning Polys_533 Polys /Game/Maps/OpTest.OpTest:PersistentLevel.BoxBrush4_14.Model_14.Polys_533 : Externally referenced 
[2016.02.03-21.19.35:429][  0]MapCheck:Warning: Warning Polys_574 Polys /Game/Maps/OpTest.OpTest:PersistentLevel.BoxBrush5.Model_17.Polys_574 : Externally referenced 
[2016.02.03-21.19.35:429][  0]MapCheck:Warning: Warning Polys_33 Polys /Game/Maps/OpTest.OpTest:PersistentLevel.BoxBrush6.Model_7.Polys_33 : Externally referenced 
[2016.02.03-21.19.35:429][  0]MapCheck:Warning: Warning Polys_229 Polys /Game/Maps/OpTest.OpTest:PersistentLevel.LinearStairBrush.Model_16.Polys_229 : Externally referenced 
[2016.02.03-21.19.35:429][  0]MapCheck:Warning: Warning Polys_387 Polys /Game/Maps/OpTest.OpTest:PersistentLevel.LinearStairBrush2.Model_16.Polys_387 : Externally referenced 
[2016.02.03-21.19.35:429][  0]MapCheck:Warning: Warning PPVolume PostProcessVolume /Game/Maps/OpTest.OpTest:PersistentLevel.PPVolume : Externally referenced 
[2016.02.03-21.19.35:429][  0]MapCheck:Warning: Warning Volume StaticMeshComponent /Game/Maps/OpTest.OpTest:PersistentLevel.BP_TerritoryVolume_53.Volume : Externally referenced 
[2016.02.03-21.19.35:429][  0]MapCheck: Info Map check complete: 0 Error(s), 40 Warning(s), took 1,221.704ms to complete.
[2016.02.03-21.19.35:451][  0]LogFileHelpers: Loading map 'OpTest' took 46.447
[2016.02.03-21.19.37:139][  0]LogCrashTracker: Crashtracker disabled due to settings.
[2016.02.03-21.19.37:660][  0]LogCollectionManager: Loaded 0 collections in 0.005588 seconds
[2016.02.03-21.19.38:105][  0]LogFileCache: Scanning file cache for directory 'C:/Users/Morax/Documents/Unreal Projects/OpulentiumGame/Saved/Collections/' took 0.01s
[2016.02.03-21.19.38:105][  0]LogFileCache: Scanning file cache for directory 'C:/Users/Morax/Documents/Unreal Projects/OpulentiumGame/Content/Developers/Morax/Collections/' took 0.01s
[2016.02.03-21.19.38:105][  0]LogFileCache: Scanning file cache for directory 'C:/Users/Morax/Documents/Unreal Projects/OpulentiumGame/Content/Collections/' took 0.01s
[2016.02.03-21.19.38:105][  0]LogCollectionManager: Rebuilt the GUID cache for 0 collections in 0.000498 seconds
[2016.02.03-21.19.38:177][  0]LogContentBrowser: Native class hierarchy populated in 0.0665 seconds. Added 1899 classes and 342 folders.
[2016.02.03-21.19.38:249][  0]LogContentBrowser: Native class hierarchy updated for 'WidgetCarousel' in 0.0037 seconds. Added 0 classes and 0 folders.
[2016.02.03-21.19.40:244][  0]LogContentBrowser: Native class hierarchy updated for 'AddContentDialog' in 0.0052 seconds. Added 0 classes and 0 folders.
[2016.02.03-21.19.40:368][  0]LogUObjectGlobals:Warning: Failed to find object 'Class None.'
[2016.02.03-21.19.40:529][  0]LogLoad: Full Startup: 130.67 seconds (BP compile: 5.64 seconds)
[2016.02.03-21.19.40:905][  0]LogOcInput: Can't find Oculus library dev build: is proper Runtime 